0 info it worked if it ends with ok
1 verbose cli [ 'C:\\Program Files\\nodejs\\node.exe',
1 verbose cli   'C:\\Program Files\\nodejs\\node_modules\\npm\\bin\\npm-cli.js',
1 verbose cli   'install',
1 verbose cli   'color-thief' ]
2 info using npm@3.6.0
3 info using node@v5.6.0
4 silly loadCurrentTree Starting
5 silly install loadCurrentTree
6 silly install readLocalPackageData
7 silly fetchPackageMetaData color-thief
8 silly fetchNamedPackageData color-thief
9 silly mapToRegistry name color-thief
10 silly mapToRegistry using default registry
11 silly mapToRegistry registry https://registry.npmjs.org/
12 silly mapToRegistry uri https://registry.npmjs.org/color-thief
13 verbose request uri https://registry.npmjs.org/color-thief
14 verbose request no auth needed
15 info attempt registry request try #1 at 6:00:21 PM
16 verbose request id d481e19f39dd2a0e
17 verbose etag "BXMUJDRZLZ5AI9JSDFW56X37C"
18 http request GET https://registry.npmjs.org/color-thief
19 http 304 https://registry.npmjs.org/color-thief
20 verbose headers { date: 'Mon, 29 Feb 2016 22:58:30 GMT',
20 verbose headers   via: '1.1 varnish',
20 verbose headers   'cache-control': 'max-age=300',
20 verbose headers   etag: '"BXMUJDRZLZ5AI9JSDFW56X37C"',
20 verbose headers   age: '0',
20 verbose headers   connection: 'keep-alive',
20 verbose headers   'x-served-by': 'cache-jfk1025-JFK',
20 verbose headers   'x-cache': 'MISS',
20 verbose headers   'x-cache-hits': '0',
20 verbose headers   'x-timer': 'S1456786710.477534,VS0,VE338',
20 verbose headers   vary: 'Accept' }
21 silly get cb [ 304,
21 silly get   { date: 'Mon, 29 Feb 2016 22:58:30 GMT',
21 silly get     via: '1.1 varnish',
21 silly get     'cache-control': 'max-age=300',
21 silly get     etag: '"BXMUJDRZLZ5AI9JSDFW56X37C"',
21 silly get     age: '0',
21 silly get     connection: 'keep-alive',
21 silly get     'x-served-by': 'cache-jfk1025-JFK',
21 silly get     'x-cache': 'MISS',
21 silly get     'x-cache-hits': '0',
21 silly get     'x-timer': 'S1456786710.477534,VS0,VE338',
21 silly get     vary: 'Accept' } ]
22 verbose etag https://registry.npmjs.org/color-thief from cache
23 verbose get saving color-thief to C:\Users\Leon\AppData\Roaming\npm-cache\registry.npmjs.org\color-thief\.cache.json
24 verbose correctMkdir C:\Users\Leon\AppData\Roaming\npm-cache correctMkdir not in flight; initializing
25 silly install normalizeTree
26 silly loadCurrentTree Finishing
27 silly loadIdealTree Starting
28 silly install loadIdealTree
29 silly cloneCurrentTree Starting
30 silly install cloneCurrentTreeToIdealTree
31 silly cloneCurrentTree Finishing
32 silly loadShrinkwrap Starting
33 silly install loadShrinkwrap
34 silly loadShrinkwrap Finishing
35 silly loadAllDepsIntoIdealTree Starting
36 silly install loadAllDepsIntoIdealTree
37 silly resolveWithNewModule color-thief@2.2.1 checking installable status
38 silly cache add args [ 'color-thief', null ]
39 verbose cache add spec color-thief
40 silly cache add parsed spec Result {
40 silly cache add   raw: 'color-thief',
40 silly cache add   scope: null,
40 silly cache add   name: 'color-thief',
40 silly cache add   rawSpec: '',
40 silly cache add   spec: 'latest',
40 silly cache add   type: 'tag' }
41 silly addNamed color-thief@latest
42 verbose addNamed "latest" is being treated as a dist-tag for color-thief
43 info addNameTag [ 'color-thief', 'latest' ]
44 silly mapToRegistry name color-thief
45 silly mapToRegistry using default registry
46 silly mapToRegistry registry https://registry.npmjs.org/
47 silly mapToRegistry uri https://registry.npmjs.org/color-thief
48 verbose addNameTag registry:https://registry.npmjs.org/color-thief not in flight; fetching
49 verbose get https://registry.npmjs.org/color-thief not expired, no request
50 silly addNameTag next cb for color-thief with tag latest
51 silly addNamed color-thief@2.2.1
52 verbose addNamed "2.2.1" is a plain semver version for color-thief
53 silly cache afterAdd color-thief@2.2.1
54 verbose afterAdd C:\Users\Leon\AppData\Roaming\npm-cache\color-thief\2.2.1\package\package.json not in flight; writing
55 verbose correctMkdir C:\Users\Leon\AppData\Roaming\npm-cache correctMkdir not in flight; initializing
56 verbose afterAdd C:\Users\Leon\AppData\Roaming\npm-cache\color-thief\2.2.1\package\package.json written
57 silly fetchNamedPackageData canvas
58 silly mapToRegistry name canvas
59 silly mapToRegistry using default registry
60 silly mapToRegistry registry https://registry.npmjs.org/
61 silly mapToRegistry uri https://registry.npmjs.org/canvas
62 verbose request uri https://registry.npmjs.org/canvas
63 verbose request no auth needed
64 info attempt registry request try #1 at 6:00:21 PM
65 verbose etag "DJ9I5YZ5WX215JCP8BJT732K4"
66 http request GET https://registry.npmjs.org/canvas
67 http 304 https://registry.npmjs.org/canvas
68 verbose headers { date: 'Mon, 29 Feb 2016 22:58:31 GMT',
68 verbose headers   via: '1.1 varnish',
68 verbose headers   'cache-control': 'max-age=300',
68 verbose headers   etag: '"DJ9I5YZ5WX215JCP8BJT732K4"',
68 verbose headers   age: '110',
68 verbose headers   connection: 'keep-alive',
68 verbose headers   'x-served-by': 'cache-jfk1026-JFK',
68 verbose headers   'x-cache': 'HIT',
68 verbose headers   'x-cache-hits': '1',
68 verbose headers   'x-timer': 'S1456786711.053588,VS0,VE0',
68 verbose headers   vary: 'Accept' }
69 silly get cb [ 304,
69 silly get   { date: 'Mon, 29 Feb 2016 22:58:31 GMT',
69 silly get     via: '1.1 varnish',
69 silly get     'cache-control': 'max-age=300',
69 silly get     etag: '"DJ9I5YZ5WX215JCP8BJT732K4"',
69 silly get     age: '110',
69 silly get     connection: 'keep-alive',
69 silly get     'x-served-by': 'cache-jfk1026-JFK',
69 silly get     'x-cache': 'HIT',
69 silly get     'x-cache-hits': '1',
69 silly get     'x-timer': 'S1456786711.053588,VS0,VE0',
69 silly get     vary: 'Accept' } ]
70 verbose etag https://registry.npmjs.org/canvas from cache
71 verbose get saving canvas to C:\Users\Leon\AppData\Roaming\npm-cache\registry.npmjs.org\canvas\.cache.json
72 verbose correctMkdir C:\Users\Leon\AppData\Roaming\npm-cache correctMkdir not in flight; initializing
73 silly resolveWithNewModule canvas@1.2.11 checking installable status
74 silly cache add args [ 'canvas@~1.2.0', null ]
75 verbose cache add spec canvas@~1.2.0
76 silly cache add parsed spec Result {
76 silly cache add   raw: 'canvas@~1.2.0',
76 silly cache add   scope: null,
76 silly cache add   name: 'canvas',
76 silly cache add   rawSpec: '~1.2.0',
76 silly cache add   spec: '>=1.2.0 <1.3.0',
76 silly cache add   type: 'range' }
77 silly addNamed canvas@>=1.2.0 <1.3.0
78 verbose addNamed ">=1.2.0 <1.3.0" is a valid semver range for canvas
79 silly addNameRange { name: 'canvas', range: '>=1.2.0 <1.3.0', hasData: false }
80 silly mapToRegistry name canvas
81 silly mapToRegistry using default registry
82 silly mapToRegistry registry https://registry.npmjs.org/
83 silly mapToRegistry uri https://registry.npmjs.org/canvas
84 verbose addNameRange registry:https://registry.npmjs.org/canvas not in flight; fetching
85 verbose get https://registry.npmjs.org/canvas not expired, no request
86 silly addNameRange number 2 { name: 'canvas', range: '>=1.2.0 <1.3.0', hasData: true }
87 silly addNameRange versions [ 'canvas',
87 silly addNameRange   [ '0.0.1',
87 silly addNameRange     '0.0.2',
87 silly addNameRange     '0.0.3',
87 silly addNameRange     '0.0.4',
87 silly addNameRange     '0.0.5',
87 silly addNameRange     '0.0.6',
87 silly addNameRange     '0.0.7',
87 silly addNameRange     '0.0.8',
87 silly addNameRange     '0.1.0',
87 silly addNameRange     '0.2.0',
87 silly addNameRange     '0.2.1',
87 silly addNameRange     '0.3.0',
87 silly addNameRange     '0.3.1',
87 silly addNameRange     '0.3.2',
87 silly addNameRange     '0.3.3',
87 silly addNameRange     '0.4.0',
87 silly addNameRange     '0.4.1',
87 silly addNameRange     '0.4.2',
87 silly addNameRange     '0.4.3',
87 silly addNameRange     '0.5.0',
87 silly addNameRange     '0.5.1',
87 silly addNameRange     '0.5.2',
87 silly addNameRange     '0.5.3',
87 silly addNameRange     '0.5.4',
87 silly addNameRange     '0.6.0',
87 silly addNameRange     '0.7.0',
87 silly addNameRange     '0.7.1',
87 silly addNameRange     '0.7.2',
87 silly addNameRange     '0.7.3',
87 silly addNameRange     '0.8.0',
87 silly addNameRange     '0.8.1',
87 silly addNameRange     '0.8.2',
87 silly addNameRange     '0.8.3',
87 silly addNameRange     '0.9.0',
87 silly addNameRange     '0.10.0',
87 silly addNameRange     '0.10.1',
87 silly addNameRange     '0.10.2',
87 silly addNameRange     '0.10.3',
87 silly addNameRange     '0.11.0',
87 silly addNameRange     '0.11.1',
87 silly addNameRange     '0.11.2',
87 silly addNameRange     '0.11.3',
87 silly addNameRange     '0.12.0',
87 silly addNameRange     '0.12.1',
87 silly addNameRange     '0.13.0',
87 silly addNameRange     '0.13.1',
87 silly addNameRange     '1.0.0',
87 silly addNameRange     '1.0.1',
87 silly addNameRange     '1.0.2',
87 silly addNameRange     '1.0.3',
87 silly addNameRange     '1.0.4',
87 silly addNameRange     '1.1.0',
87 silly addNameRange     '1.1.1',
87 silly addNameRange     '1.1.2',
87 silly addNameRange     '1.1.3',
87 silly addNameRange     '1.1.4',
87 silly addNameRange     '1.1.5',
87 silly addNameRange     '1.1.6',
87 silly addNameRange     '1.2.0',
87 silly addNameRange     '1.2.1',
87 silly addNameRange     '1.2.2',
87 silly addNameRange     '1.2.3',
87 silly addNameRange     '1.2.4',
87 silly addNameRange     '1.2.5',
87 silly addNameRange     '1.2.6',
87 silly addNameRange     '1.2.7',
87 silly addNameRange     '1.2.8',
87 silly addNameRange     '1.2.9',
87 silly addNameRange     '1.2.10',
87 silly addNameRange     '1.2.11',
87 silly addNameRange     '1.3.0',
87 silly addNameRange     '1.3.1',
87 silly addNameRange     '1.3.2',
87 silly addNameRange     '1.3.3',
87 silly addNameRange     '1.3.4',
87 silly addNameRange     '1.3.5',
87 silly addNameRange     '1.3.6',
87 silly addNameRange     '1.3.7',
87 silly addNameRange     '1.3.8',
87 silly addNameRange     '1.3.9',
87 silly addNameRange     '1.3.10' ] ]
88 silly addNamed canvas@1.2.11
89 verbose addNamed "1.2.11" is a plain semver version for canvas
90 silly cache afterAdd canvas@1.2.11
91 verbose afterAdd C:\Users\Leon\AppData\Roaming\npm-cache\canvas\1.2.11\package\package.json not in flight; writing
92 verbose correctMkdir C:\Users\Leon\AppData\Roaming\npm-cache correctMkdir not in flight; initializing
93 verbose afterAdd C:\Users\Leon\AppData\Roaming\npm-cache\canvas\1.2.11\package\package.json written
94 silly fetchNamedPackageData nan
95 silly mapToRegistry name nan
96 silly mapToRegistry using default registry
97 silly mapToRegistry registry https://registry.npmjs.org/
98 silly mapToRegistry uri https://registry.npmjs.org/nan
99 verbose request uri https://registry.npmjs.org/nan
100 verbose request no auth needed
101 info attempt registry request try #1 at 6:00:22 PM
102 verbose etag "BAVERG4EG5W3XHF012VJBMBOB"
103 http request GET https://registry.npmjs.org/nan
104 http 304 https://registry.npmjs.org/nan
105 verbose headers { date: 'Mon, 29 Feb 2016 22:58:31 GMT',
105 verbose headers   via: '1.1 varnish',
105 verbose headers   'cache-control': 'max-age=300',
105 verbose headers   etag: '"BAVERG4EG5W3XHF012VJBMBOB"',
105 verbose headers   age: '171',
105 verbose headers   connection: 'keep-alive',
105 verbose headers   'x-served-by': 'cache-jfk1044-JFK',
105 verbose headers   'x-cache': 'HIT',
105 verbose headers   'x-cache-hits': '8',
105 verbose headers   'x-timer': 'S1456786711.226225,VS0,VE0',
105 verbose headers   vary: 'Accept' }
106 silly get cb [ 304,
106 silly get   { date: 'Mon, 29 Feb 2016 22:58:31 GMT',
106 silly get     via: '1.1 varnish',
106 silly get     'cache-control': 'max-age=300',
106 silly get     etag: '"BAVERG4EG5W3XHF012VJBMBOB"',
106 silly get     age: '171',
106 silly get     connection: 'keep-alive',
106 silly get     'x-served-by': 'cache-jfk1044-JFK',
106 silly get     'x-cache': 'HIT',
106 silly get     'x-cache-hits': '8',
106 silly get     'x-timer': 'S1456786711.226225,VS0,VE0',
106 silly get     vary: 'Accept' } ]
107 verbose etag https://registry.npmjs.org/nan from cache
108 verbose get saving nan to C:\Users\Leon\AppData\Roaming\npm-cache\registry.npmjs.org\nan\.cache.json
109 verbose correctMkdir C:\Users\Leon\AppData\Roaming\npm-cache correctMkdir not in flight; initializing
110 silly resolveWithNewModule nan@2.2.0 checking installable status
111 silly cache add args [ 'nan@^2.0.9', null ]
112 verbose cache add spec nan@^2.0.9
113 silly cache add parsed spec Result {
113 silly cache add   raw: 'nan@^2.0.9',
113 silly cache add   scope: null,
113 silly cache add   name: 'nan',
113 silly cache add   rawSpec: '^2.0.9',
113 silly cache add   spec: '>=2.0.9 <3.0.0',
113 silly cache add   type: 'range' }
114 silly addNamed nan@>=2.0.9 <3.0.0
115 verbose addNamed ">=2.0.9 <3.0.0" is a valid semver range for nan
116 silly addNameRange { name: 'nan', range: '>=2.0.9 <3.0.0', hasData: false }
117 silly mapToRegistry name nan
118 silly mapToRegistry using default registry
119 silly mapToRegistry registry https://registry.npmjs.org/
120 silly mapToRegistry uri https://registry.npmjs.org/nan
121 verbose addNameRange registry:https://registry.npmjs.org/nan not in flight; fetching
122 verbose get https://registry.npmjs.org/nan not expired, no request
123 silly addNameRange number 2 { name: 'nan', range: '>=2.0.9 <3.0.0', hasData: true }
124 silly addNameRange versions [ 'nan',
124 silly addNameRange   [ '0.3.0-wip',
124 silly addNameRange     '0.3.0-wip2',
124 silly addNameRange     '0.3.0',
124 silly addNameRange     '0.3.1',
124 silly addNameRange     '0.3.2',
124 silly addNameRange     '0.4.0',
124 silly addNameRange     '0.4.1',
124 silly addNameRange     '0.4.2',
124 silly addNameRange     '0.4.3',
124 silly addNameRange     '0.4.4',
124 silly addNameRange     '0.5.0',
124 silly addNameRange     '0.5.1',
124 silly addNameRange     '0.5.2',
124 silly addNameRange     '0.6.0',
124 silly addNameRange     '0.7.0',
124 silly addNameRange     '0.7.1',
124 silly addNameRange     '0.8.0',
124 silly addNameRange     '1.0.0',
124 silly addNameRange     '1.1.0',
124 silly addNameRange     '1.1.1',
124 silly addNameRange     '1.1.2',
124 silly addNameRange     '1.2.0',
124 silly addNameRange     '1.3.0',
124 silly addNameRange     '1.4.0',
124 silly addNameRange     '1.4.1',
124 silly addNameRange     '1.5.0',
124 silly addNameRange     '1.4.2',
124 silly addNameRange     '1.4.3',
124 silly addNameRange     '1.5.1',
124 silly addNameRange     '1.5.2',
124 silly addNameRange     '1.6.0',
124 silly addNameRange     '1.5.3',
124 silly addNameRange     '1.6.1',
124 silly addNameRange     '1.6.2',
124 silly addNameRange     '1.7.0',
124 silly addNameRange     '1.8.0',
124 silly addNameRange     '1.8.1',
124 silly addNameRange     '1.8.2',
124 silly addNameRange     '1.8.3',
124 silly addNameRange     '1.8.4',
124 silly addNameRange     '1.9.0',
124 silly addNameRange     '2.0.0',
124 silly addNameRange     '2.0.1',
124 silly addNameRange     '2.0.2',
124 silly addNameRange     '2.0.3',
124 silly addNameRange     '2.0.4',
124 silly addNameRange     '2.0.5',
124 silly addNameRange     '2.0.6',
124 silly addNameRange     '2.0.7',
124 silly addNameRange     '2.0.8',
124 silly addNameRange     '2.0.9',
124 silly addNameRange     '2.1.0',
124 silly addNameRange     '2.2.0' ] ]
125 silly addNamed nan@2.2.0
126 verbose addNamed "2.2.0" is a plain semver version for nan
127 silly cache afterAdd nan@2.2.0
128 verbose afterAdd C:\Users\Leon\AppData\Roaming\npm-cache\nan\2.2.0\package\package.json not in flight; writing
129 verbose correctMkdir C:\Users\Leon\AppData\Roaming\npm-cache correctMkdir not in flight; initializing
130 verbose afterAdd C:\Users\Leon\AppData\Roaming\npm-cache\nan\2.2.0\package\package.json written
131 silly loadAllDepsIntoIdealTree Finishing
132 silly idealTree:prePrune web-api-code-example@0.0.1
132 silly idealTree:prePrune +-- align-text@0.1.4
132 silly idealTree:prePrune +-- amdefine@1.0.0
132 silly idealTree:prePrune +-- async@1.5.2
132 silly idealTree:prePrune +-- camelcase@1.2.1
132 silly idealTree:prePrune +-- canvas@1.2.11
132 silly idealTree:prePrune +-- center-align@0.1.3
132 silly idealTree:prePrune +-- cliui@2.1.0
132 silly idealTree:prePrune | `-- wordwrap@0.0.2
132 silly idealTree:prePrune +-- color-thief@2.2.1
132 silly idealTree:prePrune +-- decamelize@1.1.2
132 silly idealTree:prePrune +-- escape-string-regexp@1.0.5
132 silly idealTree:prePrune +-- handlebars@4.0.5
132 silly idealTree:prePrune +-- is-buffer@1.1.2
132 silly idealTree:prePrune +-- kind-of@3.0.2
132 silly idealTree:prePrune +-- lazy-cache@1.0.3
132 silly idealTree:prePrune +-- longest@1.0.1
132 silly idealTree:prePrune +-- minimist@0.0.10
132 silly idealTree:prePrune +-- nan@2.2.0
132 silly idealTree:prePrune +-- optimist@0.6.1
132 silly idealTree:prePrune +-- repeat-string@1.5.2
132 silly idealTree:prePrune +-- right-align@0.1.3
132 silly idealTree:prePrune +-- source-map@0.4.4
132 silly idealTree:prePrune +-- uglify-js@2.6.2
132 silly idealTree:prePrune | +-- async@0.2.10
132 silly idealTree:prePrune | `-- source-map@0.5.3
132 silly idealTree:prePrune +-- uglify-to-browserify@1.0.2
132 silly idealTree:prePrune +-- window-size@0.1.0
132 silly idealTree:prePrune +-- wordwrap@0.0.3
132 silly idealTree:prePrune `-- yargs@3.10.0
133 silly loadIdealTree Finishing
134 silly currentTree web-api-code-example@0.0.1
134 silly currentTree +-- align-text@0.1.4
134 silly currentTree +-- amdefine@1.0.0
134 silly currentTree +-- async@1.5.2
134 silly currentTree +-- camelcase@1.2.1
134 silly currentTree +-- center-align@0.1.3
134 silly currentTree +-- cliui@2.1.0
134 silly currentTree | `-- wordwrap@0.0.2
134 silly currentTree +-- decamelize@1.1.2
134 silly currentTree +-- escape-string-regexp@1.0.5
134 silly currentTree +-- handlebars@4.0.5
134 silly currentTree +-- is-buffer@1.1.2
134 silly currentTree +-- kind-of@3.0.2
134 silly currentTree +-- lazy-cache@1.0.3
134 silly currentTree +-- longest@1.0.1
134 silly currentTree +-- minimist@0.0.10
134 silly currentTree +-- optimist@0.6.1
134 silly currentTree +-- repeat-string@1.5.2
134 silly currentTree +-- right-align@0.1.3
134 silly currentTree +-- source-map@0.4.4
134 silly currentTree +-- uglify-js@2.6.2
134 silly currentTree | +-- async@0.2.10
134 silly currentTree | `-- source-map@0.5.3
134 silly currentTree +-- uglify-to-browserify@1.0.2
134 silly currentTree +-- window-size@0.1.0
134 silly currentTree +-- wordwrap@0.0.3
134 silly currentTree `-- yargs@3.10.0
135 silly idealTree web-api-code-example@0.0.1
135 silly idealTree +-- align-text@0.1.4
135 silly idealTree +-- amdefine@1.0.0
135 silly idealTree +-- async@1.5.2
135 silly idealTree +-- camelcase@1.2.1
135 silly idealTree +-- canvas@1.2.11
135 silly idealTree +-- center-align@0.1.3
135 silly idealTree +-- cliui@2.1.0
135 silly idealTree | `-- wordwrap@0.0.2
135 silly idealTree +-- color-thief@2.2.1
135 silly idealTree +-- decamelize@1.1.2
135 silly idealTree +-- escape-string-regexp@1.0.5
135 silly idealTree +-- handlebars@4.0.5
135 silly idealTree +-- is-buffer@1.1.2
135 silly idealTree +-- kind-of@3.0.2
135 silly idealTree +-- lazy-cache@1.0.3
135 silly idealTree +-- longest@1.0.1
135 silly idealTree +-- minimist@0.0.10
135 silly idealTree +-- nan@2.2.0
135 silly idealTree +-- optimist@0.6.1
135 silly idealTree +-- repeat-string@1.5.2
135 silly idealTree +-- right-align@0.1.3
135 silly idealTree +-- source-map@0.4.4
135 silly idealTree +-- uglify-js@2.6.2
135 silly idealTree | +-- async@0.2.10
135 silly idealTree | `-- source-map@0.5.3
135 silly idealTree +-- uglify-to-browserify@1.0.2
135 silly idealTree +-- window-size@0.1.0
135 silly idealTree +-- wordwrap@0.0.3
135 silly idealTree `-- yargs@3.10.0
136 silly generateActionsToTake Starting
137 silly install generateActionsToTake
138 silly generateActionsToTake Finishing
139 silly diffTrees action count 3
140 silly diffTrees add nan@2.2.0
141 silly diffTrees add canvas@1.2.11
142 silly diffTrees add color-thief@2.2.1
143 silly decomposeActions action count 24
144 silly decomposeActions fetch nan@2.2.0
145 silly decomposeActions extract nan@2.2.0
146 silly decomposeActions test nan@2.2.0
147 silly decomposeActions preinstall nan@2.2.0
148 silly decomposeActions build nan@2.2.0
149 silly decomposeActions install nan@2.2.0
150 silly decomposeActions postinstall nan@2.2.0
151 silly decomposeActions finalize nan@2.2.0
152 silly decomposeActions fetch canvas@1.2.11
153 silly decomposeActions extract canvas@1.2.11
154 silly decomposeActions test canvas@1.2.11
155 silly decomposeActions preinstall canvas@1.2.11
156 silly decomposeActions build canvas@1.2.11
157 silly decomposeActions install canvas@1.2.11
158 silly decomposeActions postinstall canvas@1.2.11
159 silly decomposeActions finalize canvas@1.2.11
160 silly decomposeActions fetch color-thief@2.2.1
161 silly decomposeActions extract color-thief@2.2.1
162 silly decomposeActions test color-thief@2.2.1
163 silly decomposeActions preinstall color-thief@2.2.1
164 silly decomposeActions build color-thief@2.2.1
165 silly decomposeActions install color-thief@2.2.1
166 silly decomposeActions postinstall color-thief@2.2.1
167 silly decomposeActions finalize color-thief@2.2.1
168 silly executeActions Starting
169 silly install executeActions
170 silly doSerial global-install 0
171 silly doParallel fetch 3
172 verbose correctMkdir C:\Users\Leon\AppData\Roaming\npm-cache\_locks correctMkdir not in flight; initializing
173 verbose lock using C:\Users\Leon\AppData\Roaming\npm-cache\_locks\staging-44d38498276f8b9f.lock for C:\Users\Leon\Documents\GitHub\MangoHacksPractice\node_modules\.staging
174 silly doParallel extract 3
175 silly extract nan@2.2.0
176 silly extract canvas@1.2.11
177 silly extract color-thief@2.2.1
178 verbose unbuild node_modules\.staging\nan-5db034b3
179 verbose unbuild node_modules\.staging\canvas-b2f7ccd0
180 silly gentlyRm C:\Users\Leon\Documents\GitHub\MangoHacksPractice\node_modules\.staging\nan-5db034b3 is being purged from base C:\Users\Leon\Documents\GitHub\MangoHacksPractice
181 verbose gentlyRm don't care about contents; nuking C:\Users\Leon\Documents\GitHub\MangoHacksPractice\node_modules\.staging\nan-5db034b3
182 silly gentlyRm C:\Users\Leon\Documents\GitHub\MangoHacksPractice\node_modules\.staging\canvas-b2f7ccd0 is being purged from base C:\Users\Leon\Documents\GitHub\MangoHacksPractice
183 verbose gentlyRm don't care about contents; nuking C:\Users\Leon\Documents\GitHub\MangoHacksPractice\node_modules\.staging\canvas-b2f7ccd0
184 verbose tar unpack C:\Users\Leon\AppData\Roaming\npm-cache\nan\2.2.0\package.tgz
185 verbose tar unpacking to C:\Users\Leon\Documents\GitHub\MangoHacksPractice\node_modules\.staging\nan-5db034b3
186 silly gentlyRm C:\Users\Leon\Documents\GitHub\MangoHacksPractice\node_modules\.staging\nan-5db034b3 is being purged
187 verbose gentlyRm don't care about contents; nuking C:\Users\Leon\Documents\GitHub\MangoHacksPractice\node_modules\.staging\nan-5db034b3
188 verbose unbuild node_modules\.staging\color-thief-891f6607
189 verbose tar unpack C:\Users\Leon\AppData\Roaming\npm-cache\canvas\1.2.11\package.tgz
190 verbose tar unpacking to C:\Users\Leon\Documents\GitHub\MangoHacksPractice\node_modules\.staging\canvas-b2f7ccd0
191 silly gentlyRm C:\Users\Leon\Documents\GitHub\MangoHacksPractice\node_modules\.staging\canvas-b2f7ccd0 is being purged
192 verbose gentlyRm don't care about contents; nuking C:\Users\Leon\Documents\GitHub\MangoHacksPractice\node_modules\.staging\canvas-b2f7ccd0
193 silly gunzTarPerm modes [ '777', '666' ]
194 silly gunzTarPerm modes [ '777', '666' ]
195 silly gentlyRm C:\Users\Leon\Documents\GitHub\MangoHacksPractice\node_modules\.staging\color-thief-891f6607 is being purged from base C:\Users\Leon\Documents\GitHub\MangoHacksPractice
196 verbose gentlyRm don't care about contents; nuking C:\Users\Leon\Documents\GitHub\MangoHacksPractice\node_modules\.staging\color-thief-891f6607
197 verbose tar unpack C:\Users\Leon\AppData\Roaming\npm-cache\color-thief\2.2.1\package.tgz
198 verbose tar unpacking to C:\Users\Leon\Documents\GitHub\MangoHacksPractice\node_modules\.staging\color-thief-891f6607
199 silly gentlyRm C:\Users\Leon\Documents\GitHub\MangoHacksPractice\node_modules\.staging\color-thief-891f6607 is being purged
200 verbose gentlyRm don't care about contents; nuking C:\Users\Leon\Documents\GitHub\MangoHacksPractice\node_modules\.staging\color-thief-891f6607
201 silly gunzTarPerm modes [ '777', '666' ]
202 silly gunzTarPerm extractEntry package.json
203 silly gunzTarPerm modified mode [ 'package.json', 436, 438 ]
204 silly gunzTarPerm extractEntry package.json
205 silly gunzTarPerm modified mode [ 'package.json', 420, 438 ]
206 silly gunzTarPerm extractEntry README.md
207 silly gunzTarPerm modified mode [ 'README.md', 436, 438 ]
208 silly gunzTarPerm extractEntry package.json
209 silly gunzTarPerm modified mode [ 'package.json', 420, 438 ]
210 silly gunzTarPerm extractEntry .npmignore
211 silly gunzTarPerm modified mode [ '.npmignore', 420, 438 ]
212 silly gunzTarPerm extractEntry index.js
213 silly gunzTarPerm modified mode [ 'index.js', 420, 438 ]
214 silly gunzTarPerm extractEntry include_dirs.js
215 silly gunzTarPerm modified mode [ 'include_dirs.js', 436, 438 ]
216 silly gunzTarPerm extractEntry .npmignore
217 silly gunzTarPerm modified mode [ '.npmignore', 420, 438 ]
218 silly gunzTarPerm extractEntry demo.js
219 silly gunzTarPerm modified mode [ 'demo.js', 420, 438 ]
220 silly gunzTarPerm extractEntry nan_converters.h
221 silly gunzTarPerm modified mode [ 'nan_converters.h', 436, 438 ]
222 silly gunzTarPerm extractEntry LICENSE.md
223 silly gunzTarPerm modified mode [ 'LICENSE.md', 436, 438 ]
224 silly gunzTarPerm extractEntry .dntrc
225 silly gunzTarPerm modified mode [ '.dntrc', 436, 438 ]
226 silly gunzTarPerm extractEntry History.md
227 silly gunzTarPerm modified mode [ 'History.md', 420, 438 ]
228 silly gunzTarPerm extractEntry Readme.md
229 silly gunzTarPerm modified mode [ 'Readme.md', 420, 438 ]
230 silly gunzTarPerm extractEntry binding.gyp
231 silly gunzTarPerm modified mode [ 'binding.gyp', 493, 511 ]
232 silly gunzTarPerm extractEntry .gitmodules
233 silly gunzTarPerm modified mode [ '.gitmodules', 420, 438 ]
234 silly gunzTarPerm extractEntry install
235 silly gunzTarPerm modified mode [ 'install', 493, 511 ]
236 silly gunzTarPerm extractEntry lib/bindings.js
237 silly gunzTarPerm modified mode [ 'lib/bindings.js', 420, 438 ]
238 silly gunzTarPerm extractEntry lib/canvas.js
239 silly gunzTarPerm modified mode [ 'lib/canvas.js', 420, 438 ]
240 silly gunzTarPerm extractEntry lib/context2d.js
241 silly gunzTarPerm modified mode [ 'lib/context2d.js', 420, 438 ]
242 silly gunzTarPerm extractEntry lib/image.js
243 silly gunzTarPerm modified mode [ 'lib/image.js', 420, 438 ]
244 silly gunzTarPerm extractEntry lib/jpegstream.js
245 silly gunzTarPerm modified mode [ 'lib/jpegstream.js', 420, 438 ]
246 silly gunzTarPerm extractEntry lib/pngstream.js
247 silly gunzTarPerm modified mode [ 'lib/pngstream.js', 420, 438 ]
248 silly gunzTarPerm extractEntry .travis.yml
249 silly gunzTarPerm modified mode [ '.travis.yml', 420, 438 ]
250 silly gunzTarPerm extractEntry src/Image.cc
251 silly gunzTarPerm modified mode [ 'src/Image.cc', 420, 438 ]
252 silly gunzTarPerm extractEntry src/Canvas.cc
253 silly gunzTarPerm modified mode [ 'src/Canvas.cc', 420, 438 ]
254 silly gunzTarPerm extractEntry src/CanvasGradient.cc
255 silly gunzTarPerm modified mode [ 'src/CanvasGradient.cc', 420, 438 ]
256 silly gunzTarPerm extractEntry src/CanvasGradient.h
257 silly gunzTarPerm modified mode [ 'src/CanvasGradient.h', 420, 438 ]
258 silly gunzTarPerm extractEntry src/CanvasPattern.cc
259 silly gunzTarPerm modified mode [ 'src/CanvasPattern.cc', 420, 438 ]
260 silly gunzTarPerm extractEntry src/CanvasPattern.h
261 silly gunzTarPerm modified mode [ 'src/CanvasPattern.h', 420, 438 ]
262 silly gunzTarPerm extractEntry src/CanvasRenderingContext2d.cc
263 silly gunzTarPerm modified mode [ 'src/CanvasRenderingContext2d.cc', 493, 511 ]
264 silly gunzTarPerm extractEntry src/CanvasRenderingContext2d.h
265 silly gunzTarPerm modified mode [ 'src/CanvasRenderingContext2d.h', 420, 438 ]
266 silly gunzTarPerm extractEntry src/FontFace.cc
267 silly gunzTarPerm modified mode [ 'src/FontFace.cc', 493, 511 ]
268 silly gunzTarPerm extractEntry src/FontFace.h
269 silly gunzTarPerm modified mode [ 'src/FontFace.h', 420, 438 ]
270 silly gunzTarPerm extractEntry src/Canvas.h
271 silly gunzTarPerm modified mode [ 'src/Canvas.h', 420, 438 ]
272 silly gunzTarPerm extractEntry src/Image.h
273 silly gunzTarPerm modified mode [ 'src/Image.h', 420, 438 ]
274 silly gunzTarPerm extractEntry src/ImageData.cc
275 silly gunzTarPerm modified mode [ 'src/ImageData.cc', 420, 438 ]
276 silly gunzTarPerm extractEntry src/ImageData.h
277 silly gunzTarPerm modified mode [ 'src/ImageData.h', 420, 438 ]
278 silly gunzTarPerm extractEntry src/JPEGStream.h
279 silly gunzTarPerm modified mode [ 'src/JPEGStream.h', 420, 438 ]
280 silly gunzTarPerm extractEntry src/PNG.h
281 silly gunzTarPerm modified mode [ 'src/PNG.h', 420, 438 ]
282 silly gunzTarPerm extractEntry src/Point.h
283 silly gunzTarPerm modified mode [ 'src/Point.h', 420, 438 ]
284 silly gunzTarPerm extractEntry src/closure.h
285 silly gunzTarPerm modified mode [ 'src/closure.h', 420, 438 ]
286 silly gunzTarPerm extractEntry src/color.cc
287 silly gunzTarPerm modified mode [ 'src/color.cc', 420, 438 ]
288 silly gunzTarPerm extractEntry src/color.h
289 silly gunzTarPerm modified mode [ 'src/color.h', 420, 438 ]
290 silly gunzTarPerm extractEntry src/init.cc
291 silly gunzTarPerm modified mode [ 'src/init.cc', 493, 511 ]
292 silly gunzTarPerm extractEntry util/cairo_include.sh
293 silly gunzTarPerm modified mode [ 'util/cairo_include.sh', 493, 511 ]
294 silly gunzTarPerm extractEntry util/has_cairo_freetype.sh
295 silly gunzTarPerm modified mode [ 'util/has_cairo_freetype.sh', 493, 511 ]
296 silly gunzTarPerm extractEntry util/has_lib.sh
297 silly gunzTarPerm modified mode [ 'util/has_lib.sh', 493, 511 ]
298 silly gunzTarPerm extractEntry util/lib_lookup.sh
299 silly gunzTarPerm modified mode [ 'util/lib_lookup.sh', 493, 511 ]
300 silly gunzTarPerm extractEntry node-demo.js
301 silly gunzTarPerm modified mode [ 'node-demo.js', 420, 438 ]
302 silly gunzTarPerm extractEntry test/color-thief-test.js
303 silly gunzTarPerm modified mode [ 'test/color-thief-test.js', 420, 438 ]
304 silly gunzTarPerm extractEntry appveyor.yml
305 silly gunzTarPerm modified mode [ 'appveyor.yml', 436, 438 ]
306 silly gunzTarPerm extractEntry img/dark_checkered_bg.png
307 silly gunzTarPerm modified mode [ 'img/dark_checkered_bg.png', 420, 438 ]
308 silly gunzTarPerm extractEntry img/drag_placeholder.png
309 silly gunzTarPerm modified mode [ 'img/drag_placeholder.png', 420, 438 ]
310 silly gunzTarPerm extractEntry doc/new.md
311 silly gunzTarPerm modified mode [ 'doc/new.md', 436, 438 ]
312 silly gunzTarPerm extractEntry doc/.build.sh
313 silly gunzTarPerm modified mode [ 'doc/.build.sh', 509, 511 ]
314 silly gunzTarPerm extractEntry img/photo1.jpg
315 silly gunzTarPerm modified mode [ 'img/photo1.jpg', 420, 438 ]
316 silly gunzTarPerm extractEntry doc/buffers.md
317 silly gunzTarPerm modified mode [ 'doc/buffers.md', 436, 438 ]
318 silly gunzTarPerm extractEntry doc/callback.md
319 silly gunzTarPerm modified mode [ 'doc/callback.md', 436, 438 ]
320 silly gunzTarPerm extractEntry img/photo2.jpg
321 silly gunzTarPerm modified mode [ 'img/photo2.jpg', 420, 438 ]
322 silly gunzTarPerm extractEntry doc/converters.md
323 silly gunzTarPerm modified mode [ 'doc/converters.md', 436, 438 ]
324 silly gunzTarPerm extractEntry doc/errors.md
325 silly gunzTarPerm modified mode [ 'doc/errors.md', 436, 438 ]
326 silly gunzTarPerm extractEntry doc/maybe_types.md
327 silly gunzTarPerm modified mode [ 'doc/maybe_types.md', 436, 438 ]
328 silly gunzTarPerm extractEntry doc/methods.md
329 silly gunzTarPerm modified mode [ 'doc/methods.md', 436, 438 ]
330 silly gunzTarPerm extractEntry img/photo3.jpg
331 silly gunzTarPerm modified mode [ 'img/photo3.jpg', 420, 438 ]
332 silly gunzTarPerm extractEntry doc/asyncworker.md
333 silly gunzTarPerm modified mode [ 'doc/asyncworker.md', 436, 438 ]
334 silly gunzTarPerm extractEntry doc/node_misc.md
335 silly gunzTarPerm modified mode [ 'doc/node_misc.md', 436, 438 ]
336 silly gunzTarPerm extractEntry README.markdown
337 silly gunzTarPerm modified mode [ 'README.markdown', 420, 438 ]
338 silly gunzTarPerm extractEntry doc/object_wrappers.md
339 silly gunzTarPerm modified mode [ 'doc/object_wrappers.md', 436, 438 ]
340 silly gunzTarPerm extractEntry doc/persistent.md
341 silly gunzTarPerm modified mode [ 'doc/persistent.md', 436, 438 ]
342 silly gunzTarPerm extractEntry js/color-thief.js
343 silly gunzTarPerm modified mode [ 'js/color-thief.js', 420, 438 ]
344 silly gunzTarPerm extractEntry js/libs/jquery-2.0.2.min.js
345 silly gunzTarPerm modified mode [ 'js/libs/jquery-2.0.2.min.js', 420, 438 ]
346 silly gunzTarPerm extractEntry js/libs/jquery.lettering.js
347 silly gunzTarPerm modified mode [ 'js/libs/jquery.lettering.js', 420, 438 ]
348 silly gunzTarPerm extractEntry js/libs/modernizr.custom.js
349 silly gunzTarPerm modified mode [ 'js/libs/modernizr.custom.js', 420, 438 ]
350 silly gunzTarPerm extractEntry doc/scopes.md
351 silly gunzTarPerm modified mode [ 'doc/scopes.md', 436, 438 ]
352 silly gunzTarPerm extractEntry doc/script.md
353 silly gunzTarPerm modified mode [ 'doc/script.md', 436, 438 ]
354 silly gunzTarPerm extractEntry js/libs/mustache.js
355 silly gunzTarPerm modified mode [ 'js/libs/mustache.js', 420, 438 ]
356 silly gunzTarPerm extractEntry component.json
357 silly gunzTarPerm modified mode [ 'component.json', 420, 438 ]
358 silly gunzTarPerm extractEntry css/app.css
359 silly gunzTarPerm modified mode [ 'css/app.css', 420, 438 ]
360 silly gunzTarPerm extractEntry sass/app.sass
361 silly gunzTarPerm modified mode [ 'sass/app.sass', 420, 438 ]
362 silly gunzTarPerm extractEntry index.html
363 silly gunzTarPerm modified mode [ 'index.html', 493, 511 ]
364 silly gunzTarPerm extractEntry doc/string_bytes.md
365 silly gunzTarPerm modified mode [ 'doc/string_bytes.md', 436, 438 ]
366 silly gunzTarPerm extractEntry doc/v8_internals.md
367 silly gunzTarPerm modified mode [ 'doc/v8_internals.md', 436, 438 ]
368 silly gunzTarPerm extractEntry doc/v8_misc.md
369 silly gunzTarPerm modified mode [ 'doc/v8_misc.md', 436, 438 ]
370 silly gunzTarPerm extractEntry nan.h
371 silly gunzTarPerm modified mode [ 'nan.h', 436, 438 ]
372 silly gunzTarPerm extractEntry nan_callbacks.h
373 silly gunzTarPerm modified mode [ 'nan_callbacks.h', 436, 438 ]
374 silly gunzTarPerm extractEntry nan_callbacks_12_inl.h
375 silly gunzTarPerm modified mode [ 'nan_callbacks_12_inl.h', 436, 438 ]
376 silly gunzTarPerm extractEntry nan_callbacks_pre_12_inl.h
377 silly gunzTarPerm modified mode [ 'nan_callbacks_pre_12_inl.h', 436, 438 ]
378 silly gunzTarPerm extractEntry nan_converters_43_inl.h
379 silly gunzTarPerm modified mode [ 'nan_converters_43_inl.h', 436, 438 ]
380 silly gunzTarPerm extractEntry nan_converters_pre_43_inl.h
381 silly gunzTarPerm modified mode [ 'nan_converters_pre_43_inl.h', 436, 438 ]
382 silly gunzTarPerm extractEntry nan_implementation_12_inl.h
383 silly gunzTarPerm modified mode [ 'nan_implementation_12_inl.h', 436, 438 ]
384 silly gunzTarPerm extractEntry nan_implementation_pre_12_inl.h
385 silly gunzTarPerm modified mode [ 'nan_implementation_pre_12_inl.h', 436, 438 ]
386 silly gunzTarPerm extractEntry nan_maybe_43_inl.h
387 silly gunzTarPerm modified mode [ 'nan_maybe_43_inl.h', 436, 438 ]
388 silly gunzTarPerm extractEntry nan_maybe_pre_43_inl.h
389 silly gunzTarPerm modified mode [ 'nan_maybe_pre_43_inl.h', 436, 438 ]
390 silly gunzTarPerm extractEntry nan_new.h
391 silly gunzTarPerm modified mode [ 'nan_new.h', 436, 438 ]
392 silly gunzTarPerm extractEntry nan_object_wrap.h
393 silly gunzTarPerm modified mode [ 'nan_object_wrap.h', 436, 438 ]
394 silly gunzTarPerm extractEntry nan_persistent_12_inl.h
395 silly gunzTarPerm modified mode [ 'nan_persistent_12_inl.h', 436, 438 ]
396 silly gunzTarPerm extractEntry nan_persistent_pre_12_inl.h
397 silly gunzTarPerm modified mode [ 'nan_persistent_pre_12_inl.h', 436, 438 ]
398 silly gunzTarPerm extractEntry nan_string_bytes.h
399 silly gunzTarPerm modified mode [ 'nan_string_bytes.h', 436, 438 ]
400 silly gunzTarPerm extractEntry nan_typedarray_contents.h
401 silly gunzTarPerm modified mode [ 'nan_typedarray_contents.h', 436, 438 ]
402 silly gunzTarPerm extractEntry nan_weak.h
403 silly gunzTarPerm modified mode [ 'nan_weak.h', 436, 438 ]
404 silly gunzTarPerm extractEntry CHANGELOG.md
405 silly gunzTarPerm modified mode [ 'CHANGELOG.md', 436, 438 ]
406 silly gunzTarPerm extractEntry tools/package.json
407 silly gunzTarPerm modified mode [ 'tools/package.json', 436, 438 ]
408 silly gunzTarPerm extractEntry tools/README.md
409 silly gunzTarPerm modified mode [ 'tools/README.md', 436, 438 ]
410 silly gunzTarPerm extractEntry tools/1to2.js
411 silly gunzTarPerm modified mode [ 'tools/1to2.js', 509, 511 ]
412 silly gentlyRm C:\Users\Leon\Documents\GitHub\MangoHacksPractice\node_modules\.staging\color-thief-891f6607\node_modules is being purged
413 verbose gentlyRm don't care about contents; nuking C:\Users\Leon\Documents\GitHub\MangoHacksPractice\node_modules\.staging\color-thief-891f6607\node_modules
414 silly gentlyRm C:\Users\Leon\Documents\GitHub\MangoHacksPractice\node_modules\.staging\canvas-b2f7ccd0\node_modules is being purged
415 verbose gentlyRm don't care about contents; nuking C:\Users\Leon\Documents\GitHub\MangoHacksPractice\node_modules\.staging\canvas-b2f7ccd0\node_modules
416 silly gentlyRm C:\Users\Leon\Documents\GitHub\MangoHacksPractice\node_modules\.staging\nan-5db034b3\node_modules is being purged
417 verbose gentlyRm don't care about contents; nuking C:\Users\Leon\Documents\GitHub\MangoHacksPractice\node_modules\.staging\nan-5db034b3\node_modules
418 silly doParallel preinstall 3
419 silly preinstall nan@2.2.0 C:\Users\Leon\Documents\GitHub\MangoHacksPractice\node_modules\.staging\nan-5db034b3
420 info lifecycle nan@2.2.0~preinstall: nan@2.2.0
421 silly preinstall canvas@1.2.11 C:\Users\Leon\Documents\GitHub\MangoHacksPractice\node_modules\.staging\canvas-b2f7ccd0
422 info lifecycle canvas@1.2.11~preinstall: canvas@1.2.11
423 silly preinstall color-thief@2.2.1 C:\Users\Leon\Documents\GitHub\MangoHacksPractice\node_modules\.staging\color-thief-891f6607
424 info lifecycle color-thief@2.2.1~preinstall: color-thief@2.2.1
425 silly lifecycle nan@2.2.0~preinstall: no script for preinstall, continuing
426 silly lifecycle canvas@1.2.11~preinstall: no script for preinstall, continuing
427 silly lifecycle color-thief@2.2.1~preinstall: no script for preinstall, continuing
428 silly doReverseSerial remove 0
429 silly doSerial move 0
430 silly doSerial finalize 3
431 silly finalize C:\Users\Leon\Documents\GitHub\MangoHacksPractice\node_modules\nan
432 silly finalize C:\Users\Leon\Documents\GitHub\MangoHacksPractice\node_modules\canvas
433 silly finalize C:\Users\Leon\Documents\GitHub\MangoHacksPractice\node_modules\color-thief
434 silly doSerial build 3
435 silly build nan@2.2.0
436 info linkStuff nan@2.2.0
437 silly linkStuff nan@2.2.0 has C:\Users\Leon\Documents\GitHub\MangoHacksPractice\node_modules as its parent node_modules
438 verbose linkBins nan@2.2.0
439 verbose linkMans nan@2.2.0
440 silly build canvas@1.2.11
441 info linkStuff canvas@1.2.11
442 silly linkStuff canvas@1.2.11 has C:\Users\Leon\Documents\GitHub\MangoHacksPractice\node_modules as its parent node_modules
443 verbose linkBins canvas@1.2.11
444 verbose linkMans canvas@1.2.11
445 silly build color-thief@2.2.1
446 info linkStuff color-thief@2.2.1
447 silly linkStuff color-thief@2.2.1 has C:\Users\Leon\Documents\GitHub\MangoHacksPractice\node_modules as its parent node_modules
448 verbose linkBins color-thief@2.2.1
449 verbose linkMans color-thief@2.2.1
450 silly doSerial global-link 0
451 silly doParallel update-linked 0
452 silly doSerial install 3
453 silly install nan@2.2.0 C:\Users\Leon\Documents\GitHub\MangoHacksPractice\node_modules\.staging\nan-5db034b3
454 info lifecycle nan@2.2.0~install: nan@2.2.0
455 silly lifecycle nan@2.2.0~install: no script for install, continuing
456 silly install canvas@1.2.11 C:\Users\Leon\Documents\GitHub\MangoHacksPractice\node_modules\.staging\canvas-b2f7ccd0
457 info lifecycle canvas@1.2.11~install: canvas@1.2.11
458 verbose lifecycle canvas@1.2.11~install: unsafe-perm in lifecycle true
459 verbose lifecycle canvas@1.2.11~install: PATH: C:\Program Files\nodejs\node_modules\npm\bin\node-gyp-bin;C:\Users\Leon\Documents\GitHub\MangoHacksPractice\node_modules\canvas\node_modules\.bin;C:\Users\Leon\Documents\GitHub\MangoHacksPractice\node_modules\.bin;C:\inserver6\envoy\bin;C:\Program Files (x86)\NVIDIA Corporation\PhysX\Common;C:\ProgramData\Oracle\Java\javapath;C:\Program Files (x86)\Intel\iCLS Client\;C:\Program Files\Intel\iCLS Client\;C:\WINDOWS\system32;C:\WINDOWS;C:\WINDOWS\System32\Wbem;C:\WINDOWS\System32\WindowsPowerShell\v1.0\;C:\Program Files\Intel\Intel(R) Management Engine Components\DAL;C:\Program Files\Intel\Intel(R) Management Engine Components\IPT;C:\Program Files (x86)\Intel\Intel(R) Management Engine Components\DAL;C:\Program Files (x86)\Intel\Intel(R) Management Engine Components\IPT;C:\Program Files\Intel\WiFi\bin\;C:\Program Files\Common Files\Intel\WirelessCommon\;C:\Program Files\Diskeeper Corporation\ExpressCache\;C:\Program Files\Microsoft SQL Server\110\Tools\Binn\;C:\Program Files (x86)\Microsoft SDKs\TypeScript\1.0\;C:\Program Files\Microsoft SQL Server\120\Tools\Binn\;C:\cygwin\bin;C:\Program Files (x86)\Windows Kits\10\Windows Performance Toolkit\;C:\TDM-GCC-64\bin;C:\Program Files (x86)\MySQL\MySQL Utilities\;C:\Program Files (x86)\MySQL\MySQL Utilities\Doctrine extensions for PHP\;C:\Program Files (x86)\Windows Phone TShell\;C:\Program Files (x86)\Skype\Phone\;C:\Program Files\nodejs\;C:\Users\Leon\AppData\Roaming\npm;C:\ProgramData\chocolatey\bin;
460 verbose lifecycle canvas@1.2.11~install: CWD: C:\Users\Leon\Documents\GitHub\MangoHacksPractice\node_modules\canvas
461 silly lifecycle canvas@1.2.11~install: Args: [ '/d /s /c', 'node-gyp rebuild' ]
462 silly lifecycle canvas@1.2.11~install: Returned: code: 1  signal: null
463 info lifecycle canvas@1.2.11~install: Failed to exec install script
464 verbose unlock done using C:\Users\Leon\AppData\Roaming\npm-cache\_locks\staging-44d38498276f8b9f.lock for C:\Users\Leon\Documents\GitHub\MangoHacksPractice\node_modules\.staging
465 silly rollbackFailedOptional Starting
466 silly rollbackFailedOptional Finishing
467 silly runTopLevelLifecycles Starting
468 silly runTopLevelLifecycles Finishing
469 silly install printInstalled
470 warn web-api-code-example@0.0.1 No repository field.
471 warn web-api-code-example@0.0.1 No license field.
472 verbose stack Error: canvas@1.2.11 install: `node-gyp rebuild`
472 verbose stack Exit status 1
472 verbose stack     at EventEmitter.<anonymous> (C:\Program Files\nodejs\node_modules\npm\lib\utils\lifecycle.js:232:16)
472 verbose stack     at emitTwo (events.js:100:13)
472 verbose stack     at EventEmitter.emit (events.js:185:7)
472 verbose stack     at ChildProcess.<anonymous> (C:\Program Files\nodejs\node_modules\npm\lib\utils\spawn.js:24:14)
472 verbose stack     at emitTwo (events.js:100:13)
472 verbose stack     at ChildProcess.emit (events.js:185:7)
472 verbose stack     at maybeClose (internal/child_process.js:827:16)
472 verbose stack     at Process.ChildProcess._handle.onexit (internal/child_process.js:211:5)
473 verbose pkgid canvas@1.2.11
474 verbose cwd C:\Users\Leon\Documents\GitHub\MangoHacksPractice
475 error Windows_NT 10.0.10586
476 error argv "C:\\Program Files\\nodejs\\node.exe" "C:\\Program Files\\nodejs\\node_modules\\npm\\bin\\npm-cli.js" "install" "color-thief"
477 error node v5.6.0
478 error npm  v3.6.0
479 error code ELIFECYCLE
480 error canvas@1.2.11 install: `node-gyp rebuild`
480 error Exit status 1
481 error Failed at the canvas@1.2.11 install script 'node-gyp rebuild'.
481 error Make sure you have the latest version of node.js and npm installed.
481 error If you do, this is most likely a problem with the canvas package,
481 error not with npm itself.
481 error Tell the author that this fails on your system:
481 error     node-gyp rebuild
481 error You can get information on how to open an issue for this project with:
481 error     npm bugs canvas
481 error Or if that isn't available, you can get their info via:
481 error     npm owner ls canvas
481 error There is likely additional logging output above.
482 verbose exit [ 1, true ]
