0 info it worked if it ends with ok
1 verbose cli [ 'C:\\Program Files\\nodejs\\node.exe',
1 verbose cli   'C:\\Program Files\\nodejs\\node_modules\\npm\\bin\\npm-cli.js',
1 verbose cli   'install',
1 verbose cli   'color-thief' ]
2 info using npm@3.6.0
3 info using node@v5.6.0
4 silly loadCurrentTree Starting
5 silly install loadCurrentTree
6 silly install readLocalPackageData
7 silly fetchPackageMetaData color-thief
8 silly fetchNamedPackageData color-thief
9 silly mapToRegistry name color-thief
10 silly mapToRegistry using default registry
11 silly mapToRegistry registry https://registry.npmjs.org/
12 silly mapToRegistry uri https://registry.npmjs.org/color-thief
13 verbose request uri https://registry.npmjs.org/color-thief
14 verbose request no auth needed
15 info attempt registry request try #1 at 5:46:13 PM
16 verbose request id 404022a794617895
17 verbose etag "BXMUJDRZLZ5AI9JSDFW56X37C"
18 http request GET https://registry.npmjs.org/color-thief
19 http 304 https://registry.npmjs.org/color-thief
20 verbose headers { date: 'Mon, 29 Feb 2016 22:44:22 GMT',
20 verbose headers   via: '1.1 varnish',
20 verbose headers   'cache-control': 'max-age=300',
20 verbose headers   etag: '"BXMUJDRZLZ5AI9JSDFW56X37C"',
20 verbose headers   age: '0',
20 verbose headers   connection: 'keep-alive',
20 verbose headers   'x-served-by': 'cache-jfk1026-JFK',
20 verbose headers   'x-cache': 'MISS',
20 verbose headers   'x-cache-hits': '0',
20 verbose headers   'x-timer': 'S1456785862.553173,VS0,VE86',
20 verbose headers   vary: 'Accept' }
21 silly get cb [ 304,
21 silly get   { date: 'Mon, 29 Feb 2016 22:44:22 GMT',
21 silly get     via: '1.1 varnish',
21 silly get     'cache-control': 'max-age=300',
21 silly get     etag: '"BXMUJDRZLZ5AI9JSDFW56X37C"',
21 silly get     age: '0',
21 silly get     connection: 'keep-alive',
21 silly get     'x-served-by': 'cache-jfk1026-JFK',
21 silly get     'x-cache': 'MISS',
21 silly get     'x-cache-hits': '0',
21 silly get     'x-timer': 'S1456785862.553173,VS0,VE86',
21 silly get     vary: 'Accept' } ]
22 verbose etag https://registry.npmjs.org/color-thief from cache
23 verbose get saving color-thief to C:\Users\Leon\AppData\Roaming\npm-cache\registry.npmjs.org\color-thief\.cache.json
24 verbose correctMkdir C:\Users\Leon\AppData\Roaming\npm-cache correctMkdir not in flight; initializing
25 silly install normalizeTree
26 silly loadCurrentTree Finishing
27 silly loadIdealTree Starting
28 silly install loadIdealTree
29 silly cloneCurrentTree Starting
30 silly install cloneCurrentTreeToIdealTree
31 silly cloneCurrentTree Finishing
32 silly loadShrinkwrap Starting
33 silly install loadShrinkwrap
34 silly loadShrinkwrap Finishing
35 silly loadAllDepsIntoIdealTree Starting
36 silly install loadAllDepsIntoIdealTree
37 silly resolveWithNewModule color-thief@2.2.1 checking installable status
38 silly cache add args [ 'color-thief', null ]
39 verbose cache add spec color-thief
40 silly cache add parsed spec Result {
40 silly cache add   raw: 'color-thief',
40 silly cache add   scope: null,
40 silly cache add   name: 'color-thief',
40 silly cache add   rawSpec: '',
40 silly cache add   spec: 'latest',
40 silly cache add   type: 'tag' }
41 silly addNamed color-thief@latest
42 verbose addNamed "latest" is being treated as a dist-tag for color-thief
43 info addNameTag [ 'color-thief', 'latest' ]
44 silly mapToRegistry name color-thief
45 silly mapToRegistry using default registry
46 silly mapToRegistry registry https://registry.npmjs.org/
47 silly mapToRegistry uri https://registry.npmjs.org/color-thief
48 verbose addNameTag registry:https://registry.npmjs.org/color-thief not in flight; fetching
49 verbose get https://registry.npmjs.org/color-thief not expired, no request
50 silly addNameTag next cb for color-thief with tag latest
51 silly addNamed color-thief@2.2.1
52 verbose addNamed "2.2.1" is a plain semver version for color-thief
53 silly cache afterAdd color-thief@2.2.1
54 verbose afterAdd C:\Users\Leon\AppData\Roaming\npm-cache\color-thief\2.2.1\package\package.json not in flight; writing
55 verbose correctMkdir C:\Users\Leon\AppData\Roaming\npm-cache correctMkdir not in flight; initializing
56 verbose afterAdd C:\Users\Leon\AppData\Roaming\npm-cache\color-thief\2.2.1\package\package.json written
57 silly fetchNamedPackageData canvas
58 silly mapToRegistry name canvas
59 silly mapToRegistry using default registry
60 silly mapToRegistry registry https://registry.npmjs.org/
61 silly mapToRegistry uri https://registry.npmjs.org/canvas
62 verbose request uri https://registry.npmjs.org/canvas
63 verbose request no auth needed
64 info attempt registry request try #1 at 5:46:13 PM
65 verbose etag "DJ9I5YZ5WX215JCP8BJT732K4"
66 http request GET https://registry.npmjs.org/canvas
67 http 304 https://registry.npmjs.org/canvas
68 verbose headers { date: 'Mon, 29 Feb 2016 22:44:22 GMT',
68 verbose headers   via: '1.1 varnish',
68 verbose headers   'cache-control': 'max-age=300',
68 verbose headers   etag: '"DJ9I5YZ5WX215JCP8BJT732K4"',
68 verbose headers   age: '0',
68 verbose headers   connection: 'keep-alive',
68 verbose headers   'x-served-by': 'cache-jfk1041-JFK',
68 verbose headers   'x-cache': 'HIT',
68 verbose headers   'x-cache-hits': '1',
68 verbose headers   'x-timer': 'S1456785862.941758,VS0,VE83',
68 verbose headers   vary: 'Accept' }
69 silly get cb [ 304,
69 silly get   { date: 'Mon, 29 Feb 2016 22:44:22 GMT',
69 silly get     via: '1.1 varnish',
69 silly get     'cache-control': 'max-age=300',
69 silly get     etag: '"DJ9I5YZ5WX215JCP8BJT732K4"',
69 silly get     age: '0',
69 silly get     connection: 'keep-alive',
69 silly get     'x-served-by': 'cache-jfk1041-JFK',
69 silly get     'x-cache': 'HIT',
69 silly get     'x-cache-hits': '1',
69 silly get     'x-timer': 'S1456785862.941758,VS0,VE83',
69 silly get     vary: 'Accept' } ]
70 verbose etag https://registry.npmjs.org/canvas from cache
71 verbose get saving canvas to C:\Users\Leon\AppData\Roaming\npm-cache\registry.npmjs.org\canvas\.cache.json
72 verbose correctMkdir C:\Users\Leon\AppData\Roaming\npm-cache correctMkdir not in flight; initializing
73 silly resolveWithNewModule canvas@1.2.11 checking installable status
74 silly cache add args [ 'canvas@~1.2.0', null ]
75 verbose cache add spec canvas@~1.2.0
76 silly cache add parsed spec Result {
76 silly cache add   raw: 'canvas@~1.2.0',
76 silly cache add   scope: null,
76 silly cache add   name: 'canvas',
76 silly cache add   rawSpec: '~1.2.0',
76 silly cache add   spec: '>=1.2.0 <1.3.0',
76 silly cache add   type: 'range' }
77 silly addNamed canvas@>=1.2.0 <1.3.0
78 verbose addNamed ">=1.2.0 <1.3.0" is a valid semver range for canvas
79 silly addNameRange { name: 'canvas', range: '>=1.2.0 <1.3.0', hasData: false }
80 silly mapToRegistry name canvas
81 silly mapToRegistry using default registry
82 silly mapToRegistry registry https://registry.npmjs.org/
83 silly mapToRegistry uri https://registry.npmjs.org/canvas
84 verbose addNameRange registry:https://registry.npmjs.org/canvas not in flight; fetching
85 verbose get https://registry.npmjs.org/canvas not expired, no request
86 silly addNameRange number 2 { name: 'canvas', range: '>=1.2.0 <1.3.0', hasData: true }
87 silly addNameRange versions [ 'canvas',
87 silly addNameRange   [ '0.0.1',
87 silly addNameRange     '0.0.2',
87 silly addNameRange     '0.0.3',
87 silly addNameRange     '0.0.4',
87 silly addNameRange     '0.0.5',
87 silly addNameRange     '0.0.6',
87 silly addNameRange     '0.0.7',
87 silly addNameRange     '0.0.8',
87 silly addNameRange     '0.1.0',
87 silly addNameRange     '0.2.0',
87 silly addNameRange     '0.2.1',
87 silly addNameRange     '0.3.0',
87 silly addNameRange     '0.3.1',
87 silly addNameRange     '0.3.2',
87 silly addNameRange     '0.3.3',
87 silly addNameRange     '0.4.0',
87 silly addNameRange     '0.4.1',
87 silly addNameRange     '0.4.2',
87 silly addNameRange     '0.4.3',
87 silly addNameRange     '0.5.0',
87 silly addNameRange     '0.5.1',
87 silly addNameRange     '0.5.2',
87 silly addNameRange     '0.5.3',
87 silly addNameRange     '0.5.4',
87 silly addNameRange     '0.6.0',
87 silly addNameRange     '0.7.0',
87 silly addNameRange     '0.7.1',
87 silly addNameRange     '0.7.2',
87 silly addNameRange     '0.7.3',
87 silly addNameRange     '0.8.0',
87 silly addNameRange     '0.8.1',
87 silly addNameRange     '0.8.2',
87 silly addNameRange     '0.8.3',
87 silly addNameRange     '0.9.0',
87 silly addNameRange     '0.10.0',
87 silly addNameRange     '0.10.1',
87 silly addNameRange     '0.10.2',
87 silly addNameRange     '0.10.3',
87 silly addNameRange     '0.11.0',
87 silly addNameRange     '0.11.1',
87 silly addNameRange     '0.11.2',
87 silly addNameRange     '0.11.3',
87 silly addNameRange     '0.12.0',
87 silly addNameRange     '0.12.1',
87 silly addNameRange     '0.13.0',
87 silly addNameRange     '0.13.1',
87 silly addNameRange     '1.0.0',
87 silly addNameRange     '1.0.1',
87 silly addNameRange     '1.0.2',
87 silly addNameRange     '1.0.3',
87 silly addNameRange     '1.0.4',
87 silly addNameRange     '1.1.0',
87 silly addNameRange     '1.1.1',
87 silly addNameRange     '1.1.2',
87 silly addNameRange     '1.1.3',
87 silly addNameRange     '1.1.4',
87 silly addNameRange     '1.1.5',
87 silly addNameRange     '1.1.6',
87 silly addNameRange     '1.2.0',
87 silly addNameRange     '1.2.1',
87 silly addNameRange     '1.2.2',
87 silly addNameRange     '1.2.3',
87 silly addNameRange     '1.2.4',
87 silly addNameRange     '1.2.5',
87 silly addNameRange     '1.2.6',
87 silly addNameRange     '1.2.7',
87 silly addNameRange     '1.2.8',
87 silly addNameRange     '1.2.9',
87 silly addNameRange     '1.2.10',
87 silly addNameRange     '1.2.11',
87 silly addNameRange     '1.3.0',
87 silly addNameRange     '1.3.1',
87 silly addNameRange     '1.3.2',
87 silly addNameRange     '1.3.3',
87 silly addNameRange     '1.3.4',
87 silly addNameRange     '1.3.5',
87 silly addNameRange     '1.3.6',
87 silly addNameRange     '1.3.7',
87 silly addNameRange     '1.3.8',
87 silly addNameRange     '1.3.9',
87 silly addNameRange     '1.3.10' ] ]
88 silly addNamed canvas@1.2.11
89 verbose addNamed "1.2.11" is a plain semver version for canvas
90 silly cache afterAdd canvas@1.2.11
91 verbose afterAdd C:\Users\Leon\AppData\Roaming\npm-cache\canvas\1.2.11\package\package.json not in flight; writing
92 verbose correctMkdir C:\Users\Leon\AppData\Roaming\npm-cache correctMkdir not in flight; initializing
93 verbose afterAdd C:\Users\Leon\AppData\Roaming\npm-cache\canvas\1.2.11\package\package.json written
94 silly loadAllDepsIntoIdealTree Finishing
95 silly idealTree:prePrune authorization_code
95 silly idealTree:prePrune +-- accepts@1.0.0
95 silly idealTree:prePrune +-- asn1@0.1.11
95 silly idealTree:prePrune +-- assert-plus@0.1.5
95 silly idealTree:prePrune +-- async@0.9.2
95 silly idealTree:prePrune +-- aws-sign2@0.5.0
95 silly idealTree:prePrune +-- boom@0.4.2
95 silly idealTree:prePrune +-- buffer-crc32@0.2.1
95 silly idealTree:prePrune +-- canvas@1.3.10
95 silly idealTree:prePrune +-- color-thief@2.2.1
95 silly idealTree:prePrune | `-- canvas@1.2.11
95 silly idealTree:prePrune +-- combined-stream@0.0.7
95 silly idealTree:prePrune +-- cookie-parser@1.3.2
95 silly idealTree:prePrune +-- cookie-signature@1.0.4
95 silly idealTree:prePrune +-- cookie@0.1.2
95 silly idealTree:prePrune +-- cryptiles@0.2.2
95 silly idealTree:prePrune +-- ctype@0.5.3
95 silly idealTree:prePrune +-- debug@0.8.1
95 silly idealTree:prePrune +-- delayed-stream@0.0.5
95 silly idealTree:prePrune +-- escape-html@1.0.1
95 silly idealTree:prePrune +-- express@4.0.0
95 silly idealTree:prePrune | +-- cookie-signature@1.0.3
95 silly idealTree:prePrune | `-- cookie@0.1.0
95 silly idealTree:prePrune +-- forever-agent@0.5.2
95 silly idealTree:prePrune +-- form-data@0.1.4
95 silly idealTree:prePrune +-- fresh@0.2.2
95 silly idealTree:prePrune +-- hawk@1.0.0
95 silly idealTree:prePrune +-- hoek@0.9.1
95 silly idealTree:prePrune +-- http-signature@0.10.1
95 silly idealTree:prePrune +-- json-stringify-safe@5.0.1
95 silly idealTree:prePrune +-- merge-descriptors@0.0.2
95 silly idealTree:prePrune +-- methods@0.1.0
95 silly idealTree:prePrune +-- mime@1.2.11
95 silly idealTree:prePrune +-- nan@2.2.0
95 silly idealTree:prePrune +-- negotiator@0.3.0
95 silly idealTree:prePrune +-- node-uuid@1.4.7
95 silly idealTree:prePrune +-- oauth-sign@0.3.0
95 silly idealTree:prePrune +-- parseurl@1.0.1
95 silly idealTree:prePrune +-- path-to-regexp@0.1.2
95 silly idealTree:prePrune +-- qs@0.6.6
95 silly idealTree:prePrune +-- querystring@0.2.0
95 silly idealTree:prePrune +-- range-parser@1.0.0
95 silly idealTree:prePrune +-- request@2.34.0
95 silly idealTree:prePrune +-- send@0.2.0
95 silly idealTree:prePrune +-- serve-static@1.0.1
95 silly idealTree:prePrune | +-- fresh@0.2.0
95 silly idealTree:prePrune | +-- range-parser@0.0.4
95 silly idealTree:prePrune | `-- send@0.1.4
95 silly idealTree:prePrune +-- sntp@0.2.4
95 silly idealTree:prePrune +-- tough-cookie@2.2.1
95 silly idealTree:prePrune +-- tunnel-agent@0.3.0
95 silly idealTree:prePrune +-- type-is@1.0.0
95 silly idealTree:prePrune `-- utils-merge@1.0.0
96 silly loadIdealTree Finishing
97 silly currentTree authorization_code
97 silly currentTree +-- accepts@1.0.0
97 silly currentTree +-- asn1@0.1.11
97 silly currentTree +-- assert-plus@0.1.5
97 silly currentTree +-- async@0.9.2
97 silly currentTree +-- aws-sign2@0.5.0
97 silly currentTree +-- boom@0.4.2
97 silly currentTree +-- buffer-crc32@0.2.1
97 silly currentTree +-- canvas@1.3.10
97 silly currentTree +-- combined-stream@0.0.7
97 silly currentTree +-- cookie-parser@1.3.2
97 silly currentTree +-- cookie-signature@1.0.4
97 silly currentTree +-- cookie@0.1.2
97 silly currentTree +-- cryptiles@0.2.2
97 silly currentTree +-- ctype@0.5.3
97 silly currentTree +-- debug@0.8.1
97 silly currentTree +-- delayed-stream@0.0.5
97 silly currentTree +-- escape-html@1.0.1
97 silly currentTree +-- express@4.0.0
97 silly currentTree | +-- cookie-signature@1.0.3
97 silly currentTree | `-- cookie@0.1.0
97 silly currentTree +-- forever-agent@0.5.2
97 silly currentTree +-- form-data@0.1.4
97 silly currentTree +-- fresh@0.2.2
97 silly currentTree +-- hawk@1.0.0
97 silly currentTree +-- hoek@0.9.1
97 silly currentTree +-- http-signature@0.10.1
97 silly currentTree +-- json-stringify-safe@5.0.1
97 silly currentTree +-- merge-descriptors@0.0.2
97 silly currentTree +-- methods@0.1.0
97 silly currentTree +-- mime@1.2.11
97 silly currentTree +-- nan@2.2.0
97 silly currentTree +-- negotiator@0.3.0
97 silly currentTree +-- node-uuid@1.4.7
97 silly currentTree +-- oauth-sign@0.3.0
97 silly currentTree +-- parseurl@1.0.1
97 silly currentTree +-- path-to-regexp@0.1.2
97 silly currentTree +-- qs@0.6.6
97 silly currentTree +-- querystring@0.2.0
97 silly currentTree +-- range-parser@1.0.0
97 silly currentTree +-- request@2.34.0
97 silly currentTree +-- send@0.2.0
97 silly currentTree +-- serve-static@1.0.1
97 silly currentTree | +-- fresh@0.2.0
97 silly currentTree | +-- range-parser@0.0.4
97 silly currentTree | `-- send@0.1.4
97 silly currentTree +-- sntp@0.2.4
97 silly currentTree +-- tough-cookie@2.2.1
97 silly currentTree +-- tunnel-agent@0.3.0
97 silly currentTree +-- type-is@1.0.0
97 silly currentTree `-- utils-merge@1.0.0
98 silly idealTree authorization_code
98 silly idealTree +-- accepts@1.0.0
98 silly idealTree +-- asn1@0.1.11
98 silly idealTree +-- assert-plus@0.1.5
98 silly idealTree +-- async@0.9.2
98 silly idealTree +-- aws-sign2@0.5.0
98 silly idealTree +-- boom@0.4.2
98 silly idealTree +-- buffer-crc32@0.2.1
98 silly idealTree +-- canvas@1.3.10
98 silly idealTree +-- color-thief@2.2.1
98 silly idealTree | `-- canvas@1.2.11
98 silly idealTree +-- combined-stream@0.0.7
98 silly idealTree +-- cookie-parser@1.3.2
98 silly idealTree +-- cookie-signature@1.0.4
98 silly idealTree +-- cookie@0.1.2
98 silly idealTree +-- cryptiles@0.2.2
98 silly idealTree +-- ctype@0.5.3
98 silly idealTree +-- debug@0.8.1
98 silly idealTree +-- delayed-stream@0.0.5
98 silly idealTree +-- escape-html@1.0.1
98 silly idealTree +-- express@4.0.0
98 silly idealTree | +-- cookie-signature@1.0.3
98 silly idealTree | `-- cookie@0.1.0
98 silly idealTree +-- forever-agent@0.5.2
98 silly idealTree +-- form-data@0.1.4
98 silly idealTree +-- fresh@0.2.2
98 silly idealTree +-- hawk@1.0.0
98 silly idealTree +-- hoek@0.9.1
98 silly idealTree +-- http-signature@0.10.1
98 silly idealTree +-- json-stringify-safe@5.0.1
98 silly idealTree +-- merge-descriptors@0.0.2
98 silly idealTree +-- methods@0.1.0
98 silly idealTree +-- mime@1.2.11
98 silly idealTree +-- nan@2.2.0
98 silly idealTree +-- negotiator@0.3.0
98 silly idealTree +-- node-uuid@1.4.7
98 silly idealTree +-- oauth-sign@0.3.0
98 silly idealTree +-- parseurl@1.0.1
98 silly idealTree +-- path-to-regexp@0.1.2
98 silly idealTree +-- qs@0.6.6
98 silly idealTree +-- querystring@0.2.0
98 silly idealTree +-- range-parser@1.0.0
98 silly idealTree +-- request@2.34.0
98 silly idealTree +-- send@0.2.0
98 silly idealTree +-- serve-static@1.0.1
98 silly idealTree | +-- fresh@0.2.0
98 silly idealTree | +-- range-parser@0.0.4
98 silly idealTree | `-- send@0.1.4
98 silly idealTree +-- sntp@0.2.4
98 silly idealTree +-- tough-cookie@2.2.1
98 silly idealTree +-- tunnel-agent@0.3.0
98 silly idealTree +-- type-is@1.0.0
98 silly idealTree `-- utils-merge@1.0.0
99 silly generateActionsToTake Starting
100 silly install generateActionsToTake
101 silly generateActionsToTake Finishing
102 silly diffTrees action count 3
103 silly diffTrees add canvas@1.2.11
104 silly diffTrees update canvas@1.3.10
105 silly diffTrees add color-thief@2.2.1
106 silly decomposeActions action count 24
107 silly decomposeActions fetch canvas@1.2.11
108 silly decomposeActions extract canvas@1.2.11
109 silly decomposeActions test canvas@1.2.11
110 silly decomposeActions preinstall canvas@1.2.11
111 silly decomposeActions build canvas@1.2.11
112 silly decomposeActions install canvas@1.2.11
113 silly decomposeActions postinstall canvas@1.2.11
114 silly decomposeActions finalize canvas@1.2.11
115 silly decomposeActions fetch canvas@1.3.10
116 silly decomposeActions extract canvas@1.3.10
117 silly decomposeActions test canvas@1.3.10
118 silly decomposeActions preinstall canvas@1.3.10
119 silly decomposeActions build canvas@1.3.10
120 silly decomposeActions install canvas@1.3.10
121 silly decomposeActions postinstall canvas@1.3.10
122 silly decomposeActions finalize canvas@1.3.10
123 silly decomposeActions fetch color-thief@2.2.1
124 silly decomposeActions extract color-thief@2.2.1
125 silly decomposeActions test color-thief@2.2.1
126 silly decomposeActions preinstall color-thief@2.2.1
127 silly decomposeActions build color-thief@2.2.1
128 silly decomposeActions install color-thief@2.2.1
129 silly decomposeActions postinstall color-thief@2.2.1
130 silly decomposeActions finalize color-thief@2.2.1
131 silly executeActions Starting
132 silly install executeActions
133 silly doSerial global-install 0
134 silly doParallel fetch 3
135 verbose correctMkdir C:\Users\Leon\AppData\Roaming\npm-cache\_locks correctMkdir not in flight; initializing
136 verbose lock using C:\Users\Leon\AppData\Roaming\npm-cache\_locks\staging-af043f546c8d3b8d.lock for C:\Users\Leon\Documents\GitHub\MangoHacksPractice\authorization_code\node_modules\.staging
137 silly doParallel extract 3
138 silly extract canvas@1.2.11
139 silly extract canvas@1.3.10
140 silly extract color-thief@2.2.1
141 verbose unbuild node_modules\.staging\canvas-137db855
142 verbose unbuild node_modules\.staging\canvas-998fb58d
143 silly gentlyRm C:\Users\Leon\Documents\GitHub\MangoHacksPractice\authorization_code\node_modules\.staging\canvas-137db855 is being purged from base C:\Users\Leon\Documents\GitHub\MangoHacksPractice\authorization_code
144 verbose gentlyRm don't care about contents; nuking C:\Users\Leon\Documents\GitHub\MangoHacksPractice\authorization_code\node_modules\.staging\canvas-137db855
145 verbose unbuild node_modules\.staging\color-thief-0452e0d2
146 verbose tar unpack C:\Users\Leon\AppData\Roaming\npm-cache\canvas\1.2.11\package.tgz
147 verbose tar unpacking to C:\Users\Leon\Documents\GitHub\MangoHacksPractice\authorization_code\node_modules\.staging\canvas-137db855
148 silly gentlyRm C:\Users\Leon\Documents\GitHub\MangoHacksPractice\authorization_code\node_modules\.staging\canvas-137db855 is being purged
149 verbose gentlyRm don't care about contents; nuking C:\Users\Leon\Documents\GitHub\MangoHacksPractice\authorization_code\node_modules\.staging\canvas-137db855
150 silly gentlyRm C:\Users\Leon\Documents\GitHub\MangoHacksPractice\authorization_code\node_modules\.staging\canvas-998fb58d is being purged from base C:\Users\Leon\Documents\GitHub\MangoHacksPractice\authorization_code
151 verbose gentlyRm don't care about contents; nuking C:\Users\Leon\Documents\GitHub\MangoHacksPractice\authorization_code\node_modules\.staging\canvas-998fb58d
152 silly gunzTarPerm modes [ '777', '666' ]
153 silly gentlyRm C:\Users\Leon\Documents\GitHub\MangoHacksPractice\authorization_code\node_modules\.staging\color-thief-0452e0d2 is being purged from base C:\Users\Leon\Documents\GitHub\MangoHacksPractice\authorization_code
154 verbose gentlyRm don't care about contents; nuking C:\Users\Leon\Documents\GitHub\MangoHacksPractice\authorization_code\node_modules\.staging\color-thief-0452e0d2
155 verbose tar unpack C:\Users\Leon\AppData\Roaming\npm-cache\canvas\1.3.10\package.tgz
156 verbose tar unpacking to C:\Users\Leon\Documents\GitHub\MangoHacksPractice\authorization_code\node_modules\.staging\canvas-998fb58d
157 silly gentlyRm C:\Users\Leon\Documents\GitHub\MangoHacksPractice\authorization_code\node_modules\.staging\canvas-998fb58d is being purged
158 verbose gentlyRm don't care about contents; nuking C:\Users\Leon\Documents\GitHub\MangoHacksPractice\authorization_code\node_modules\.staging\canvas-998fb58d
159 verbose tar unpack C:\Users\Leon\AppData\Roaming\npm-cache\color-thief\2.2.1\package.tgz
160 verbose tar unpacking to C:\Users\Leon\Documents\GitHub\MangoHacksPractice\authorization_code\node_modules\.staging\color-thief-0452e0d2
161 silly gentlyRm C:\Users\Leon\Documents\GitHub\MangoHacksPractice\authorization_code\node_modules\.staging\color-thief-0452e0d2 is being purged
162 verbose gentlyRm don't care about contents; nuking C:\Users\Leon\Documents\GitHub\MangoHacksPractice\authorization_code\node_modules\.staging\color-thief-0452e0d2
163 silly gunzTarPerm modes [ '777', '666' ]
164 silly gunzTarPerm modes [ '777', '666' ]
165 silly gunzTarPerm extractEntry package.json
166 silly gunzTarPerm modified mode [ 'package.json', 420, 438 ]
167 silly gunzTarPerm extractEntry package.json
168 silly gunzTarPerm modified mode [ 'package.json', 420, 438 ]
169 silly gunzTarPerm extractEntry package.json
170 silly gunzTarPerm modified mode [ 'package.json', 420, 438 ]
171 silly gunzTarPerm extractEntry .npmignore
172 silly gunzTarPerm modified mode [ '.npmignore', 420, 438 ]
173 silly gunzTarPerm extractEntry index.js
174 silly gunzTarPerm modified mode [ 'index.js', 420, 438 ]
175 silly gunzTarPerm extractEntry .npmignore
176 silly gunzTarPerm modified mode [ '.npmignore', 420, 438 ]
177 silly gunzTarPerm extractEntry index.js
178 silly gunzTarPerm modified mode [ 'index.js', 420, 438 ]
179 silly gunzTarPerm extractEntry .npmignore
180 silly gunzTarPerm modified mode [ '.npmignore', 420, 438 ]
181 silly gunzTarPerm extractEntry demo.js
182 silly gunzTarPerm modified mode [ 'demo.js', 420, 438 ]
183 silly gunzTarPerm extractEntry Readme.md
184 silly gunzTarPerm modified mode [ 'Readme.md', 420, 438 ]
185 silly gunzTarPerm extractEntry binding.gyp
186 silly gunzTarPerm modified mode [ 'binding.gyp', 493, 511 ]
187 silly gunzTarPerm extractEntry History.md
188 silly gunzTarPerm modified mode [ 'History.md', 420, 438 ]
189 silly gunzTarPerm extractEntry Readme.md
190 silly gunzTarPerm modified mode [ 'Readme.md', 420, 438 ]
191 silly gunzTarPerm extractEntry binding.gyp
192 silly gunzTarPerm modified mode [ 'binding.gyp', 493, 511 ]
193 silly gunzTarPerm extractEntry .gitmodules
194 silly gunzTarPerm modified mode [ '.gitmodules', 420, 438 ]
195 silly gunzTarPerm extractEntry install
196 silly gunzTarPerm modified mode [ 'install', 493, 511 ]
197 silly gunzTarPerm extractEntry lib/bindings.js
198 silly gunzTarPerm modified mode [ 'lib/bindings.js', 420, 438 ]
199 silly gunzTarPerm extractEntry lib/canvas.js
200 silly gunzTarPerm modified mode [ 'lib/canvas.js', 420, 438 ]
201 silly gunzTarPerm extractEntry lib/context2d.js
202 silly gunzTarPerm modified mode [ 'lib/context2d.js', 420, 438 ]
203 silly gunzTarPerm extractEntry lib/image.js
204 silly gunzTarPerm modified mode [ 'lib/image.js', 420, 438 ]
205 silly gunzTarPerm extractEntry lib/jpegstream.js
206 silly gunzTarPerm modified mode [ 'lib/jpegstream.js', 420, 438 ]
207 silly gunzTarPerm extractEntry lib/pngstream.js
208 silly gunzTarPerm modified mode [ 'lib/pngstream.js', 420, 438 ]
209 silly gunzTarPerm extractEntry .travis.yml
210 silly gunzTarPerm modified mode [ '.travis.yml', 420, 438 ]
211 silly gunzTarPerm extractEntry src/Image.cc
212 silly gunzTarPerm modified mode [ 'src/Image.cc', 420, 438 ]
213 silly gunzTarPerm extractEntry src/Canvas.cc
214 silly gunzTarPerm modified mode [ 'src/Canvas.cc', 420, 438 ]
215 silly gunzTarPerm extractEntry src/CanvasGradient.cc
216 silly gunzTarPerm modified mode [ 'src/CanvasGradient.cc', 420, 438 ]
217 silly gunzTarPerm extractEntry src/CanvasGradient.h
218 silly gunzTarPerm modified mode [ 'src/CanvasGradient.h', 420, 438 ]
219 silly gunzTarPerm extractEntry src/CanvasPattern.cc
220 silly gunzTarPerm modified mode [ 'src/CanvasPattern.cc', 420, 438 ]
221 silly gunzTarPerm extractEntry src/CanvasPattern.h
222 silly gunzTarPerm modified mode [ 'src/CanvasPattern.h', 420, 438 ]
223 silly gunzTarPerm extractEntry src/CanvasRenderingContext2d.cc
224 silly gunzTarPerm modified mode [ 'src/CanvasRenderingContext2d.cc', 493, 511 ]
225 silly gunzTarPerm extractEntry src/CanvasRenderingContext2d.h
226 silly gunzTarPerm modified mode [ 'src/CanvasRenderingContext2d.h', 420, 438 ]
227 silly gunzTarPerm extractEntry src/FontFace.cc
228 silly gunzTarPerm modified mode [ 'src/FontFace.cc', 493, 511 ]
229 silly gunzTarPerm extractEntry src/FontFace.h
230 silly gunzTarPerm modified mode [ 'src/FontFace.h', 420, 438 ]
231 silly gunzTarPerm extractEntry src/Canvas.h
232 silly gunzTarPerm modified mode [ 'src/Canvas.h', 420, 438 ]
233 silly gunzTarPerm extractEntry src/Image.h
234 silly gunzTarPerm modified mode [ 'src/Image.h', 420, 438 ]
235 silly gunzTarPerm extractEntry src/ImageData.cc
236 silly gunzTarPerm modified mode [ 'src/ImageData.cc', 420, 438 ]
237 silly gunzTarPerm extractEntry src/ImageData.h
238 silly gunzTarPerm modified mode [ 'src/ImageData.h', 420, 438 ]
239 silly gunzTarPerm extractEntry src/JPEGStream.h
240 silly gunzTarPerm modified mode [ 'src/JPEGStream.h', 420, 438 ]
241 silly gunzTarPerm extractEntry src/PNG.h
242 silly gunzTarPerm modified mode [ 'src/PNG.h', 420, 438 ]
243 silly gunzTarPerm extractEntry src/Point.h
244 silly gunzTarPerm modified mode [ 'src/Point.h', 420, 438 ]
245 silly gunzTarPerm extractEntry src/closure.h
246 silly gunzTarPerm modified mode [ 'src/closure.h', 420, 438 ]
247 silly gunzTarPerm extractEntry src/color.cc
248 silly gunzTarPerm modified mode [ 'src/color.cc', 420, 438 ]
249 silly gunzTarPerm extractEntry src/color.h
250 silly gunzTarPerm modified mode [ 'src/color.h', 420, 438 ]
251 silly gunzTarPerm extractEntry src/init.cc
252 silly gunzTarPerm modified mode [ 'src/init.cc', 493, 511 ]
253 silly gunzTarPerm extractEntry util/cairo_include.sh
254 silly gunzTarPerm modified mode [ 'util/cairo_include.sh', 493, 511 ]
255 silly gunzTarPerm extractEntry util/has_cairo_freetype.sh
256 silly gunzTarPerm modified mode [ 'util/has_cairo_freetype.sh', 493, 511 ]
257 silly gunzTarPerm extractEntry util/has_lib.sh
258 silly gunzTarPerm modified mode [ 'util/has_lib.sh', 493, 511 ]
259 silly gunzTarPerm extractEntry util/lib_lookup.sh
260 silly gunzTarPerm modified mode [ 'util/lib_lookup.sh', 493, 511 ]
261 silly gunzTarPerm extractEntry node-demo.js
262 silly gunzTarPerm modified mode [ 'node-demo.js', 420, 438 ]
263 silly gunzTarPerm extractEntry test/color-thief-test.js
264 silly gunzTarPerm modified mode [ 'test/color-thief-test.js', 420, 438 ]
265 silly gunzTarPerm extractEntry .travis.yml
266 silly gunzTarPerm modified mode [ '.travis.yml', 420, 438 ]
267 silly gunzTarPerm extractEntry img/dark_checkered_bg.png
268 silly gunzTarPerm modified mode [ 'img/dark_checkered_bg.png', 420, 438 ]
269 silly gunzTarPerm extractEntry img/drag_placeholder.png
270 silly gunzTarPerm modified mode [ 'img/drag_placeholder.png', 420, 438 ]
271 silly gunzTarPerm extractEntry lib/bindings.js
272 silly gunzTarPerm modified mode [ 'lib/bindings.js', 420, 438 ]
273 silly gunzTarPerm extractEntry lib/canvas.js
274 silly gunzTarPerm modified mode [ 'lib/canvas.js', 420, 438 ]
275 silly gunzTarPerm extractEntry img/photo1.jpg
276 silly gunzTarPerm modified mode [ 'img/photo1.jpg', 420, 438 ]
277 silly gunzTarPerm extractEntry lib/context2d.js
278 silly gunzTarPerm modified mode [ 'lib/context2d.js', 420, 438 ]
279 silly gunzTarPerm extractEntry lib/image.js
280 silly gunzTarPerm modified mode [ 'lib/image.js', 420, 438 ]
281 silly gunzTarPerm extractEntry img/photo2.jpg
282 silly gunzTarPerm modified mode [ 'img/photo2.jpg', 420, 438 ]
283 silly gunzTarPerm extractEntry lib/jpegstream.js
284 silly gunzTarPerm modified mode [ 'lib/jpegstream.js', 420, 438 ]
285 silly gunzTarPerm extractEntry lib/pngstream.js
286 silly gunzTarPerm modified mode [ 'lib/pngstream.js', 420, 438 ]
287 silly gunzTarPerm extractEntry History.md
288 silly gunzTarPerm modified mode [ 'History.md', 420, 438 ]
289 silly gunzTarPerm extractEntry src/Image.cc
290 silly gunzTarPerm modified mode [ 'src/Image.cc', 420, 438 ]
291 silly gunzTarPerm extractEntry img/photo3.jpg
292 silly gunzTarPerm modified mode [ 'img/photo3.jpg', 420, 438 ]
293 silly gunzTarPerm extractEntry README.markdown
294 silly gunzTarPerm modified mode [ 'README.markdown', 420, 438 ]
295 silly gunzTarPerm extractEntry src/Canvas.cc
296 silly gunzTarPerm modified mode [ 'src/Canvas.cc', 420, 438 ]
297 silly gunzTarPerm extractEntry src/CanvasGradient.cc
298 silly gunzTarPerm modified mode [ 'src/CanvasGradient.cc', 420, 438 ]
299 silly gunzTarPerm extractEntry js/color-thief.js
300 silly gunzTarPerm modified mode [ 'js/color-thief.js', 420, 438 ]
301 silly gunzTarPerm extractEntry js/libs/jquery-2.0.2.min.js
302 silly gunzTarPerm modified mode [ 'js/libs/jquery-2.0.2.min.js', 420, 438 ]
303 silly gunzTarPerm extractEntry src/CanvasGradient.h
304 silly gunzTarPerm modified mode [ 'src/CanvasGradient.h', 420, 438 ]
305 silly gunzTarPerm extractEntry src/CanvasPattern.cc
306 silly gunzTarPerm modified mode [ 'src/CanvasPattern.cc', 420, 438 ]
307 silly gunzTarPerm extractEntry js/libs/jquery.lettering.js
308 silly gunzTarPerm modified mode [ 'js/libs/jquery.lettering.js', 420, 438 ]
309 silly gunzTarPerm extractEntry js/libs/modernizr.custom.js
310 silly gunzTarPerm modified mode [ 'js/libs/modernizr.custom.js', 420, 438 ]
311 silly gunzTarPerm extractEntry js/libs/mustache.js
312 silly gunzTarPerm modified mode [ 'js/libs/mustache.js', 420, 438 ]
313 silly gunzTarPerm extractEntry component.json
314 silly gunzTarPerm modified mode [ 'component.json', 420, 438 ]
315 silly gunzTarPerm extractEntry src/CanvasPattern.h
316 silly gunzTarPerm modified mode [ 'src/CanvasPattern.h', 420, 438 ]
317 silly gunzTarPerm extractEntry src/CanvasRenderingContext2d.cc
318 silly gunzTarPerm modified mode [ 'src/CanvasRenderingContext2d.cc', 493, 511 ]
319 silly gunzTarPerm extractEntry css/app.css
320 silly gunzTarPerm modified mode [ 'css/app.css', 420, 438 ]
321 silly gunzTarPerm extractEntry sass/app.sass
322 silly gunzTarPerm modified mode [ 'sass/app.sass', 420, 438 ]
323 silly gunzTarPerm extractEntry index.html
324 silly gunzTarPerm modified mode [ 'index.html', 493, 511 ]
325 silly gunzTarPerm extractEntry src/CanvasRenderingContext2d.h
326 silly gunzTarPerm modified mode [ 'src/CanvasRenderingContext2d.h', 420, 438 ]
327 silly gunzTarPerm extractEntry src/FontFace.cc
328 silly gunzTarPerm modified mode [ 'src/FontFace.cc', 493, 511 ]
329 silly gunzTarPerm extractEntry src/FontFace.h
330 silly gunzTarPerm modified mode [ 'src/FontFace.h', 420, 438 ]
331 silly gunzTarPerm extractEntry src/Canvas.h
332 silly gunzTarPerm modified mode [ 'src/Canvas.h', 420, 438 ]
333 silly gunzTarPerm extractEntry src/Image.h
334 silly gunzTarPerm modified mode [ 'src/Image.h', 420, 438 ]
335 silly gunzTarPerm extractEntry src/ImageData.cc
336 silly gunzTarPerm modified mode [ 'src/ImageData.cc', 420, 438 ]
337 silly gunzTarPerm extractEntry src/ImageData.h
338 silly gunzTarPerm modified mode [ 'src/ImageData.h', 420, 438 ]
339 silly gunzTarPerm extractEntry src/JPEGStream.h
340 silly gunzTarPerm modified mode [ 'src/JPEGStream.h', 420, 438 ]
341 silly gunzTarPerm extractEntry src/PNG.h
342 silly gunzTarPerm modified mode [ 'src/PNG.h', 420, 438 ]
343 silly gunzTarPerm extractEntry src/Point.h
344 silly gunzTarPerm modified mode [ 'src/Point.h', 420, 438 ]
345 silly gunzTarPerm extractEntry src/closure.h
346 silly gunzTarPerm modified mode [ 'src/closure.h', 420, 438 ]
347 silly gunzTarPerm extractEntry src/color.cc
348 silly gunzTarPerm modified mode [ 'src/color.cc', 420, 438 ]
349 silly gunzTarPerm extractEntry src/color.h
350 silly gunzTarPerm modified mode [ 'src/color.h', 420, 438 ]
351 silly gunzTarPerm extractEntry src/init.cc
352 silly gunzTarPerm modified mode [ 'src/init.cc', 493, 511 ]
353 silly gunzTarPerm extractEntry util/has_lib.sh
354 silly gunzTarPerm modified mode [ 'util/has_lib.sh', 493, 511 ]
355 silly gentlyRm C:\Users\Leon\Documents\GitHub\MangoHacksPractice\authorization_code\node_modules\.staging\color-thief-0452e0d2\node_modules is being purged
356 verbose gentlyRm don't care about contents; nuking C:\Users\Leon\Documents\GitHub\MangoHacksPractice\authorization_code\node_modules\.staging\color-thief-0452e0d2\node_modules
357 silly gentlyRm C:\Users\Leon\Documents\GitHub\MangoHacksPractice\authorization_code\node_modules\.staging\canvas-998fb58d\node_modules is being purged
358 verbose gentlyRm don't care about contents; nuking C:\Users\Leon\Documents\GitHub\MangoHacksPractice\authorization_code\node_modules\.staging\canvas-998fb58d\node_modules
359 silly gentlyRm C:\Users\Leon\Documents\GitHub\MangoHacksPractice\authorization_code\node_modules\.staging\canvas-137db855\node_modules is being purged
360 verbose gentlyRm don't care about contents; nuking C:\Users\Leon\Documents\GitHub\MangoHacksPractice\authorization_code\node_modules\.staging\canvas-137db855\node_modules
361 silly doParallel preinstall 3
362 silly preinstall canvas@1.2.11 C:\Users\Leon\Documents\GitHub\MangoHacksPractice\authorization_code\node_modules\.staging\canvas-137db855
363 info lifecycle canvas@1.2.11~preinstall: canvas@1.2.11
364 silly preinstall canvas@1.3.10 C:\Users\Leon\Documents\GitHub\MangoHacksPractice\authorization_code\node_modules\.staging\canvas-998fb58d
365 info lifecycle canvas@1.3.10~preinstall: canvas@1.3.10
366 silly preinstall color-thief@2.2.1 C:\Users\Leon\Documents\GitHub\MangoHacksPractice\authorization_code\node_modules\.staging\color-thief-0452e0d2
367 info lifecycle color-thief@2.2.1~preinstall: color-thief@2.2.1
368 silly lifecycle canvas@1.2.11~preinstall: no script for preinstall, continuing
369 silly lifecycle canvas@1.3.10~preinstall: no script for preinstall, continuing
370 silly lifecycle color-thief@2.2.1~preinstall: no script for preinstall, continuing
371 silly doReverseSerial remove 0
372 silly doSerial move 0
373 silly doSerial finalize 3
374 silly finalize C:\Users\Leon\Documents\GitHub\MangoHacksPractice\authorization_code\node_modules\color-thief\node_modules\canvas
375 silly finalize C:\Users\Leon\Documents\GitHub\MangoHacksPractice\authorization_code\node_modules\canvas
376 silly finalize C:\Users\Leon\Documents\GitHub\MangoHacksPractice\authorization_code\node_modules\color-thief
377 silly doSerial build 3
378 silly build canvas@1.2.11
379 info linkStuff canvas@1.2.11
380 silly linkStuff canvas@1.2.11 has C:\Users\Leon\Documents\GitHub\MangoHacksPractice\authorization_code\node_modules\color-thief\node_modules as its parent node_modules
381 verbose linkBins canvas@1.2.11
382 verbose linkMans canvas@1.2.11
383 silly build canvas@1.3.10
384 info linkStuff canvas@1.3.10
385 silly linkStuff canvas@1.3.10 has C:\Users\Leon\Documents\GitHub\MangoHacksPractice\authorization_code\node_modules as its parent node_modules
386 verbose linkBins canvas@1.3.10
387 verbose linkMans canvas@1.3.10
388 silly build color-thief@2.2.1
389 info linkStuff color-thief@2.2.1
390 silly linkStuff color-thief@2.2.1 has C:\Users\Leon\Documents\GitHub\MangoHacksPractice\authorization_code\node_modules as its parent node_modules
391 verbose linkBins color-thief@2.2.1
392 verbose linkMans color-thief@2.2.1
393 silly doSerial global-link 0
394 silly doParallel update-linked 0
395 silly doSerial install 3
396 silly install canvas@1.2.11 C:\Users\Leon\Documents\GitHub\MangoHacksPractice\authorization_code\node_modules\.staging\canvas-137db855
397 info lifecycle canvas@1.2.11~install: canvas@1.2.11
398 verbose lifecycle canvas@1.2.11~install: unsafe-perm in lifecycle true
399 verbose lifecycle canvas@1.2.11~install: PATH: C:\Program Files\nodejs\node_modules\npm\bin\node-gyp-bin;C:\Users\Leon\Documents\GitHub\MangoHacksPractice\authorization_code\node_modules\color-thief\node_modules\canvas\node_modules\.bin;C:\Users\Leon\Documents\GitHub\MangoHacksPractice\authorization_code\node_modules\color-thief\node_modules\.bin;C:\Users\Leon\Documents\GitHub\MangoHacksPractice\authorization_code\node_modules\.bin;C:\inserver6\envoy\bin;C:\Program Files (x86)\NVIDIA Corporation\PhysX\Common;C:\ProgramData\Oracle\Java\javapath;C:\Program Files (x86)\Intel\iCLS Client\;C:\Program Files\Intel\iCLS Client\;C:\WINDOWS\system32;C:\WINDOWS;C:\WINDOWS\System32\Wbem;C:\WINDOWS\System32\WindowsPowerShell\v1.0\;C:\Program Files\Intel\Intel(R) Management Engine Components\DAL;C:\Program Files\Intel\Intel(R) Management Engine Components\IPT;C:\Program Files (x86)\Intel\Intel(R) Management Engine Components\DAL;C:\Program Files (x86)\Intel\Intel(R) Management Engine Components\IPT;C:\Program Files\Intel\WiFi\bin\;C:\Program Files\Common Files\Intel\WirelessCommon\;C:\Program Files\Diskeeper Corporation\ExpressCache\;C:\Program Files\Microsoft SQL Server\110\Tools\Binn\;C:\Program Files (x86)\Microsoft SDKs\TypeScript\1.0\;C:\Program Files\Microsoft SQL Server\120\Tools\Binn\;C:\cygwin\bin;C:\Program Files (x86)\Windows Kits\10\Windows Performance Toolkit\;C:\TDM-GCC-64\bin;C:\Program Files (x86)\MySQL\MySQL Utilities\;C:\Program Files (x86)\MySQL\MySQL Utilities\Doctrine extensions for PHP\;C:\Program Files (x86)\Windows Phone TShell\;C:\Program Files (x86)\Skype\Phone\;C:\Program Files\nodejs\;C:\Users\Leon\AppData\Roaming\npm;C:\ProgramData\chocolatey\bin;
400 verbose lifecycle canvas@1.2.11~install: CWD: C:\Users\Leon\Documents\GitHub\MangoHacksPractice\authorization_code\node_modules\color-thief\node_modules\canvas
401 silly lifecycle canvas@1.2.11~install: Args: [ '/d /s /c', 'node-gyp rebuild' ]
402 silly lifecycle canvas@1.2.11~install: Returned: code: 1  signal: null
403 info lifecycle canvas@1.2.11~install: Failed to exec install script
404 verbose unlock done using C:\Users\Leon\AppData\Roaming\npm-cache\_locks\staging-af043f546c8d3b8d.lock for C:\Users\Leon\Documents\GitHub\MangoHacksPractice\authorization_code\node_modules\.staging
405 silly rollbackFailedOptional Starting
406 silly rollbackFailedOptional Finishing
407 silly runTopLevelLifecycles Starting
408 silly runTopLevelLifecycles Finishing
409 silly install printInstalled
410 warn enoent ENOENT: no such file or directory, open 'C:\Users\Leon\Documents\GitHub\MangoHacksPractice\authorization_code\package.json'
411 warn authorization_code No description
412 warn authorization_code No repository field.
413 warn authorization_code No README data
414 warn authorization_code No license field.
415 verbose stack Error: canvas@1.2.11 install: `node-gyp rebuild`
415 verbose stack Exit status 1
415 verbose stack     at EventEmitter.<anonymous> (C:\Program Files\nodejs\node_modules\npm\lib\utils\lifecycle.js:232:16)
415 verbose stack     at emitTwo (events.js:100:13)
415 verbose stack     at EventEmitter.emit (events.js:185:7)
415 verbose stack     at ChildProcess.<anonymous> (C:\Program Files\nodejs\node_modules\npm\lib\utils\spawn.js:24:14)
415 verbose stack     at emitTwo (events.js:100:13)
415 verbose stack     at ChildProcess.emit (events.js:185:7)
415 verbose stack     at maybeClose (internal/child_process.js:827:16)
415 verbose stack     at Process.ChildProcess._handle.onexit (internal/child_process.js:211:5)
416 verbose pkgid canvas@1.2.11
417 verbose cwd C:\Users\Leon\Documents\GitHub\MangoHacksPractice\authorization_code
418 error Windows_NT 10.0.10586
419 error argv "C:\\Program Files\\nodejs\\node.exe" "C:\\Program Files\\nodejs\\node_modules\\npm\\bin\\npm-cli.js" "install" "color-thief"
420 error node v5.6.0
421 error npm  v3.6.0
422 error code ELIFECYCLE
423 error canvas@1.2.11 install: `node-gyp rebuild`
423 error Exit status 1
424 error Failed at the canvas@1.2.11 install script 'node-gyp rebuild'.
424 error Make sure you have the latest version of node.js and npm installed.
424 error If you do, this is most likely a problem with the canvas package,
424 error not with npm itself.
424 error Tell the author that this fails on your system:
424 error     node-gyp rebuild
424 error You can get information on how to open an issue for this project with:
424 error     npm bugs canvas
424 error Or if that isn't available, you can get their info via:
424 error     npm owner ls canvas
424 error There is likely additional logging output above.
425 verbose exit [ 1, true ]
